02	1
1	122
100th	1
11	5
119	3
120	4
124	2
128	1
142	2
146	2
15	4
160	3
164	3
168	1
177	1
1825	2
1832	2
1843	1
1850	1
186	10
1869	1
1872	1
1887	2
1890	1
1894	1
1898	1
19	6
191	6
1911	2
1915	4
1917_	1
1919	5
1920	1
1924	1
1a	1
20	6
201	2
205	1
209	2
212	2
216	2
227	2
238	3
24	4
252	1
263	2
267	2
270	3
274	1
278	2
28	3
300	5
3030	1
31900	1
33	2
340	1
37	2
432	1
46	1
483	1
5	37
55	1
5a	1
60	5
64	2
68	1
73	1
735	1
77	2
82	1
86	3
9	15
91	3
95	4
_100	1
____________	6
______________________________________	4
________________________________________________________________	2
_a_	6
_acting	1
_anthropology_	1
_asterias	2
_beagle_	1
_better_	1
_c	1
_comparative_	1
_conceptual_	2
_daily	1
_did_	1
_egg_	1
_electricity_	1
_electrons_	1
_embryo_	3
_energy	1
_essays	1
_evolution	4
_extinct	1
_fauna	1
_heat	1
_helios_	1
_invisible_	1
_is	1
_kallima_	1
_kinetic	1
_life	4
_local_	1
_lost	1
_lower	1
_mantis	2
_middlemen_	1
_multicellular_	1
_not_	2
_ordovician_	2
_ornithoscatoides	1
_peripatus_	1
_photograph	1
_physiological_	1
_producers_	1
_progressive	1
_proved_	2
_quality_	1
_raison	1
_reflect_	1
_regulated_	1
_reproduction	1
_revolve	1
_semotilus	2
_smolts_	1
_sperm_	1
_story	2
_stringops_	1
_the	30
_they	2
_thinopus_	1
_this_	1
_travail_	1
_tupaia_	1
_very_	1
_we	1
a	2813
abandonment	1
abbreviation	1
abdominal	1
aberdeen	1
able	41
abrupt	1
absolutely	2
absorbed	7
absorbing	3
abundance	7
abundantly	2
abyssal	1
accentuated	1
acceptation	1
access	10
accessible	1
accompany	1
accounts	1
accumulate	3
accustomed	2
achievements	3
acquired	5
acquisitions	9
action	23
activated	1
active	29
actual	15
adapted	31
addition	8
adds	1
admirable	4
admirably	1
admire	1
admits	1
advantages	3
advent	1
aerates	2
aerial	5
affected	4
affecting	2
afford	4
africa	12
age_	3
agents	1
ages	48
agglomerations	1
ago	47
agriculture	2
aim	3
albatros	1
alighting	1
allies	2
alligator	3
allows	2
alloy	1
almanac_	2
almost	60
alone	12
alps	1
altering	1
alternately	1
alternating	4
am	1
amateur	1
amber	1
american_	1
americana_	2
amnion	2
amoeboid	5
amounts	2
amphibian	4
analyse	1
analytical	1
anatomises	1
anatomy	2
ancestral	5
anchoring	1
and	2950
andromeda	2
anemones	9
angels	1
anger	1
angle	5
angoras	1
animal_	1
animals	234
annelids	1
answer	25
ant	7
antagonistic	1
ante	7
anthropology	1
anti	1
antique	1
antlers	1
anxious	2
anyone	9
apennines	1
apparently	11
appearance	16
appeared	9
appearing	3
appendage	1
applied	10
applying	1
appreciate	3
apprehend	2
apprehension	2
approach	6
aptitudes	5
arabia	1
arboreal	25
arch	4
arguing	1
arising	1
aristocrat	1
armed	5
arno	1
arranged	6
arrested	2
arrived	3
arrows	1
art	3
ascend	3
ascendant	1
ascent	14
ascii	2
ascribe	1
asexual	4
ask	2
aspects	6
assert	1
associated	28
associating	1
associations	10
assume	3
astonished	3
astonishing	2
astounding	2
astronomers	31
atlantic	6
atromaculatus_	2
attached	5
attaching	1
attacks	1
attained	7
attaining	4
attempt	4
attract	2
authorities	12
automatic	5
autotomy	1
autumn	5
available	6
awake	1
awful	1
azores	1
azure	1
baby	9
babylonia	2
backboned	11
backboneless	7
backed	3
backgrounds	1
bait	1
baking	1
balancing	6
banded	3
banks	1
bar	2
bare	1
barrels	1
barriers	2
based	6
basins	4
basket	5
bates	2
bats	8
battery	1
bayliss	1
beach	3
bears	4
beat	3
beautiful	24
beds	7
beech	1
beetling	5
beginning	57
begins	8
behaving	1
behaviour	68
beheld	1
being	78
belgium	1
believed	7
believing	1
benevolent	1
berridge	18
berthelot	1
beset	1
beside	1
betelgeux	1
betraying	1
better	17
bibliography	5
bids	1
biggest	2
billion	3
binding	1
binoculars	1
birgus	1
bison	7
bits	1
bitten	1
bitterling	3
bivalve	2
black	16
blame	1
blankets	1
bleeding	1
blend	1
blind	4
blooded	2
bloom	1
blotch	1
blow	1
blue	27
boar	4
boarders	1
body	148
boils	1
bolometer	1
bolton	6
bones	15
bonnet	2
boot	1
booty	1
borrowed	2
botanists	1
bounded	1
bounding	1
box	11
brained	6
brake	2
branches	24
brazil	2
break	4
breathe	8
brethren	1
bricks	7
brilliant	10
bringing	4
bris	1
bristles	1
broadcast	1
brocklehurst	4
broiling	1
brook	1
brought	19
brownian	4
brownish	1
brows	1
brusque	2
bubble	15
buds	3
building	15
bulk	5
bulky	1
buller	1
burdens	1
burrower	1
bury	1
butter	1
butterfly	6
buttons	2
bygone	1
cabbages	1
cables	1
cage	2
calcareous	1
calculation	3
california	3
call	40
callous	1
calves	1
canada	2
canal	11
canals_	1
canines	1
cannonade	1
capacity	12
carapaces	1
cards	6
carefully	7
careless	1
carnivores	1
carpo	1
carry	11
case	70
casque	1
casting	1
catch	3
caterpillars	8
cause	13
caution	5
cautiously	1
cavity	4
cease	4
cell	33
cells_	1
cenozoic	4
centipedes	4
central	19
centred	1
cerebral	2
cessation	1
chains	4
chalk	5
chambered	5
championed	1
chances	2
changeful	3
changes	37
channels	2
chaotic	1
chapelle	2
chaps	1
chapter	20
char	1
character	2
charges	7
chasing	1
checked	1
cheerful	1
chemical	36
chemists	7
chewing	1
chickens	3
chimpanzees	4
chin	5
china	2
chisel	1
chopped	1
chromatophores	2
chromosomes	8
chronology	1
circles	4
circuits	1
circulated	1
circulating	5
circumvent	1
civilisation	12
claimed	1
clawed	1
cleverer	3
climatic	2
climbs	5
cloaked	1
closer	1
clothing	2
cloudlets	2
clouds	7
club	5
clucking	1
cmc	1
co	9
coarser	1
coating	1
coaxing	1
cobras	1
cock	5
cockroaches	2
coco	5
coconuts	1
coercion	1
cohesion	2
coiled	2
coincides	1
collared	1
collecting	3
collections	1
college	6
colonisation	2
colony	18
color	1
colossal	3
colours	37
columbia	2
column	1
coma	2
combinations	1
combine	2
come	48
command	2
commensalism	4
commercial	1
commotion	1
communicate	1
communities	1
compact	3
comparative	6
compel	1
competitions	1
completion	1
complicated	12
component	1
composed	16
comprises	2
compromise	1
concave	1
conceal	1
concedes	1
concentrated	2
concentrating	1
conception	9
conceptual	1
concluding	1
conditions	41
conductors	1
confined	4
confronted	1
conger	1
conical	2
conjectures	1
connected	8
conquer	3
conquests	1
consequence	5
consequential	1
consequently	3
considered	9
considering	3
consists	15
constant	12
constitute	4
constitutional	3
contemporaneously	2
content	5
contentment	1
continental	4
contingencies	1
continual	4
continuance	5
continued	12
continuing	4
continuity	1
contracts	2
contrary	2
contrasts	3
contributed	1
contributions	6
control	12
controlled	7
controlling	3
convergence	1
conveys	1
convinced	3
convincing	4
cooler	3
cooperated	1
corals	4
cord	6
corresponded	1
corresponding	15
corrupt	1
cosmic	3
cosmopolitan	1
count	5
counterbalances	1
counterpart	2
court	3
cover	6
crabs	8
craves	1
creates	1
credited	1
creeps	1
crest	8
crete	1
crevice	1
crickets	2
croatia	1
cromagnard	3
crooked	1
crops	1
crossed	1
crossing	1
crowds	3
crown	5
crude	1
crumb	1
crunching	1
crust	14
cryptozoic	1
cucumber	2
culmination	1
cupboard	1
current	38
cuvier	2
cyril	1
dalton	2
dance	1
daniell	1
dark	32
data	2
date	9
daughter	7
deaf	1
deals	2
deccan	1
decipher	1
decisions	1
decorative	1
decrease	4
deepened	1
deepening	1
deeps	3
deer	2
defenceless	1
deficient	1
defined	5
definite	24
degrees	7
deletions	1
deliberately	1
delicacy	1
delight	1
deliver	1
demonstration	1
denoted	1
dense	7
depend	4
dependent	6
deposited	2
depositing	1
depository	5
depressed	1
depressing	1
depressions	1
depths	10
derived	6
deriving	1
dermis	1
descended	7
descending	1
described	17
desirable	1
desire	4
destroyed	10
destroying	1
destructively	1
detective	1
determination	1
develop	8
development	38
deviation	1
device	7
diagram	34
diaphragm	1
diary	2
dictum	1
did	30
differentiation	2
differs	4
diffraction	1
diffusion	1
digits	2
dilemma	1
diminishing	1
diplodocus	1
dipnoan	1
directed	1
directions	14
director	2
disappears	4
disclaim	1
discontinue	1
discontinuous	1
discovered	44
discovering	1
discriminate	6
discussed	4
discussing	2
dish	1
disintegration	10
disorder	2
dispersion	5
dispersive	1
displayed	1
displaying	4
dispositions	1
disputed	4
dissipation	2
distant	15
distinct	14
distinguish	4
distinguishable	1
distributed	9
distributing	8
distributor	1
districts	2
diverged	4
divergence	4
diverging	3
diversely	1
diversity	3
diverts	1
dives	1
divisible	1
doing	8
doles	1
domestic	3
domesticated	13
dominant	2
dominated	1
dominating	1
don	1
donations	15
done	6
donkeys	1
door	4
dordogne	1
dormitory	1
doubtless	7
dove	2
down	92
downwards	3
dr	21
draperies	1
draws	1
dreaded	1
dream	2
dress	5
drift	3
driven	3
drum	2
dry	50
dublin	2
duckweed	1
dulled	1
dullest	1
duration	2
dust	21
dusty	1
dwelling	1
dynamic	2
dynamo	7
e	112
early	35
earthworm	11
eaters	2
eating	7
ebbs	1
eclipse	10
eddies	2
edged	1
educability	4
efface	1
effacement	4
effected	7
efficient	3
effort	5
egg	45
egypt	3
eight	15
eighty	9
elapses	1
elbow	1
elect	2
electrical	15
electricity	50
electrification	1
electronic	30
electrons	110
electroscope	1
elementary	3
elevation	3
elevators	1
elimination	3
elmhirst	1
elusive	2
emancipation	4
embodiment	4
embryo	16
emotion	2
emotions_	1
employee	1
employment	2
empties	1
emulsions	1
enabled	5
enabling	1
encased	2
encounters	1
encourages	1
encumbered	2
end	48
endeavour	9
endogamy	1
endowment	3
energies	1
energy_	4
engine	1
england	2
engrained	2
engraved	2
engulfed	1
engulfing	3
enigmatic	1
enjoy	3
enregister	3
enregistration	1
entailed	1
entombed	1
entomologist	1
envelop	1
envelope	5
environment	21
episode	1
equator	5
erectus	1
escaped	1
escaping	1
establish	3
establishment	13
estimates	2
estuaries	6
eternal	5
europe	17
even	112
eventfulness	1
ever	30
every	80
everybody	2
everywhere	4
evolution_	4
evolutionism	1
exact	4
exactitude	1
exalted	2
examination	4
excellence	2
excepting	1
exceptionally	1
exceptions	4
excitement	2
exhausted	2
exhibit	2
exist	16
expands	1
expected	1
expenditure	1
experience_	1
experimenter	1
experts	1
explode	2
exploitation	1
exploration	2
explores	1
explosive	4
exposition	1
expound	1
expression	12
expressive	1
expulsive	1
extends	4
exterminated	1
extract	1
extravagant	1
extremely	8
exuberance	3
eye	39
eyebrows	1
eyelid	3
facing	2
facts	23
fail	4
fainter	1
faintly	3
fallen	2
families	3
famine	1
fan	4
fanciful	1
fanwise	1
far	80
fare	1
fascination	1
fastened	4
fastening	2
father	9
fats	1
fauna_	1
faunas	1
favoured	2
favouring	2
favourite	1
fearful	1
feat	1
feathers	11
federal	2
feebler	2
feed	12
feel	6
feet	28
females	4
ferment	1
ferocious	1
fertile	3
fertilisation	8
fertilises	3
fetched	1
fierce	3
fife	4
fifteen	8
figures	8
fiji	1
filaments	2
files	2
films	2
financial	1
finding	1
fine	28
fingered	1
fir	1
fire	17
firm	3
firma	3
firmament	1
fishermen	2
fishes	81
fitful	2
fits	1
fitter	1
five	34
fixes	3
flagella	1
flagellum	1
flame	4
flattened	3
flattening	1
flaws	1
flight	23
flint	4
flinty	5
flooding	1
flourish	2
flow	15
fluctuate	1
fluttering	1
fly	24
flywheel	7
foals	2
focussed	1
folded	1
followed	17
following	17
food	74
foot	19
forbidding	1
force	17
forcibly	1
forehead	6
foresight	3
forestier	3
formation	10
forms	63
forreri_	2
forth	16
fortuitous	1
fortunately	1
forward	6
fossilized	1
fossils	11
founded	2
founders	1
fountain	4
four	46
fourteen	4
fowl	2
fox	7
fractions	1
fragment	2
freak	1
frederick	2
freezing	7
frequents	1
fringing	2
fro	3
frogs	15
from	636
frond	2
front	9
frozen	5
fruition	1
ft	2
fuel	1
fuller	3
fun	1
function	4
fungas	1
fur	4
furnishes	2
gaboon	2
gained	4
gaining	3
galileo	2
galley	2
gambian	2
gambier	6
ganymede	1
gas	41
gaseous	9
gatherer	1
gearing	1
generalised	5
generally	7
generation	15
gentleness	2
gentler	1
geologist	2
gertrude	1
gestures	1
giants	4
gibson	1
gifts	1
gill	9
giving	18
gizzard	1
glacier	1
glamour	1
glare	3
glimpses	1
globes	5
glories	1
glued	3
go	54
golf	2
gonads	1
gradations	2
grade	1
grain	11
granular	1
grape	1
graphite	1
grasp	4
gravelly	1
green	36
gregarious	1
greyish	2
grip	4
gripped	2
gripping	6
grist	1
groove	1
grotesque	1
group	12
grouselike	1
growing	14
grown	9
grubs	1
guards	3
guesses	2
guise	2
gull	2
gumboil	1
habitats	1
habitual	2
had	121
haddington	1
haddon	2
hair	8
halfpennies	1
handicapped	1
handiness	1
handle	5
hang	1
happens	8
happily	1
hardly	19
hardwood	1
hares	1
harmonising	1
harvest	4
haunted	1
heads	5
health	3
healthy	1
heaps	1
hear	4
heavenly	4
heavy	10
heidelbergensis_	1
heir	1
helium	5
helped	4
helping	2
hemispheres	2
hence	8
herald	2
hereditarily	1
herring	7
hers	1
hibernating	1
hide	3
hideous	1
hierarchy	1
high	37
hincks	1
hip	1
hit	4
hoatzin	2
holder	6
holes	1
holmes	3
homology	2
hopes	1
hopper	2
hornbill	2
horsepower	1
horses	8
horsetail	1
hotter	8
hours	24
http	10
humblest	2
humerus	1
humps	2
hunter	1
hydrogen	23
hypotheses	2
hypothesis	9
i	27
ichthyosaurs	1
ideals	3
identification	2
identify	1
ignorant	2
ii	4
iii	4
illumined	6
illustrated	9
illustrating	8
illustration_	11
illustrations	7
images	2
imagined	2
imagining	1
impact	2
imperfect	5
implements	6
implies	11
importance	22
imported	1
imposed	1
impress	1
improved	3
incessantly	1
inch	37
included	11
including	19
increase	13
increasingly	1
incubated	1
indefinitely	3
indemnify	1
indetal	1
india	7
indication	3
indicative	2
indifference	2
indigo	5
individualities	1
individually	1
induces	1
industries	2
ineffectively	1
inevitableness	1
inexhaustible	3
inextricably	1
infallibly	1
infected	2
inference	10
infinite	6
influence	16
informal	1
infringement	1
ingenious	2
inhabitants	3
inhabits	2
inhospitable	1
initiative	2
injected	1
inland	3
innermost	1
inquire	7
inquiry	5
inquisitiveness	2
insectivore	1
insectivorous	3
insects	43
inserted	1
instant	3
instantaneously	3
instinct	17
instreaming	1
instrumental	2
insulators	2
intelligent	27
intelligible	1
intensification	1
intensities	1
intent	1
interests	1
interfered	1
interference	2
interior	8
internally	1
interpose	1
interpretation	7
interprets	1
interstices	1
intervened	1
intestine	1
intimately	2
intricate	4
intrinsic	1
introduces	1
introduction	5
invisible	27
involve	1
irretraceable	1
isaac	5
isolate	1
issue	2
jackal	1
jackdaw	3
jacket	1
jar	2
java	12
jawed	1
jealousy	1
jeans	1
jenner	1
jerks	3
jets	3
jetsam	1
jointed	3
jones	1
judge	2
judgment	1
jump	2
junction	1
june	4
jupiter	22
kangaroos	1
kapp	1
keenness	1
keith	8
kept	5
keys	1
kidneys	5
killdeer	1
kindred	5
kinds	38
kingdom	9
kith	1
kiwi	2
kneads	1
knickerbocker	1
knipe	6
knitting	2
knives	1
knob	1
knocked	1
knocking	1
knots	4
known	82
kurtus	1
laboriously	2
labyrinth	1
lady	1
lafayette	1
lankester	4
lanky	1
large	76
larval	6
lash	2
last	29
late	9
latent	3
layers	10
laying	5
lb	1
leads	6
leaf	24
leafy	1
leaps	5
learnt	1
leave	13
leche	2
led	14
lemurs	2
lengthening	1
lengths	11
lens	22
leopard	2
leptocephali	1
lessen	1
lesser	1
lessons	6
let	27
letters	3
letting	1
liability	4
lid	1
life_	3
lifelong	2
lighted	2
lightest	3
lighting	2
likelihood	3
likeness	2
limb	11
limit	4
limitations	2
lineage	1
lines	41
link	1
lip	4
liquefy	1
list	6
lit	4
literary	13
lithographic	1
lithosphere	1
lives	17
lizards	7
lobster	1
local	3
locate	1
locked	3
lockyer	3
lodge	3
loins	1
london	4
looked	5
looking	14
loosely	2
losing	3
loud	1
love	3
lowest	8
lumps	1
lung	7
lurching	1
lurk	1
m	7
macaques	2
machine	5
magnet	19
magnificent	1
magnifies	1
magnon	1
mainly	9
majestic	1
makes	34
mammalian	4
mammoth	7
managed	1
manatees	1
manchester	2
manifold	2
mantises	1
manual	1
manufacture	4
march	2
margin	5
marine	15
marinus_	2
markings	2
marsh	6
marvellous	3
mask	2
mass	33
master	6
mastery	7
maternal	7
mathematical	7
mathematician	5
mating	1
matures	1
may	299
mcgregor	14
mckready	1
me	5
meaningful	1
meant	22
meantime	1
measured	12
measurers	1
measuring	8
median	2
medicine	1
mediterranean	3
meeting	3
member	5
mentality	3
mentioned	9
mentioning	1
mercury	10
messages	4
metal	12
metamorphosis	2
metazoa	1
meteoric	3
meteors	10
michael	2
microbe	1
microscopic	13
might	31
mighty	8
migrate	1
millennia	2
millennium	4
millipedes	1
mills	2
mimics	1
mind	80
mingle	1
minnows	5
minutes	14
miss	4
mitchell	1
mixed	3
mixing	6
mme	1
mobile	8
modernised	1
modernising	1
modification	1
molecule	13
mollusc	3
moments	1
mongols	2
monkeyish	1
moorings	1
moorland	1
morrow	1
morsel	1
mosses	1
moth	12
motion	28
motive	1
motley	2
mottled	2
mould	2
moult	2
mounts	3
mouse	6
mouth	31
moved	5
moving	36
multicellular	6
multiple	2
multiplication	7
multiply	1
murrayi_	1
museum_	2
music	3
musk	2
my	1
mysterious	12
mystery	4
mllerian	1
nail	4
naked	4
nasal	1
natural	49
neanderthaler	1
neap	1
neat	1
necessary	19
need	20
negroes	1
neighbour	2
neptune	6
nests	5
nevertheless	4
newborn	3
newby	1
newts	1
niagara	6
niger_	2
niggardly	1
nightfall	1
nine	12
nobler	1
normally	3
north	30
northwards	1
nostrils	2
not	427
notable	6
notably	8
note	21
nothing	29
notwithstanding	1
nowadays	2
nucleus	29
numerous	24
nuts	4
obdurate	1
obelia	2
obeying	2
objection	1
obligations	2
obligatory	1
obscures	1
observed	16
observers	2
observing	3
obtained	4
obtaining	3
obtrusive	1
obvious	9
occasional	3
occupied	3
occupying	1
octopus	3
odd	4
off	70
offensive	1
offices	1
offshoot	6
old	40
olfactory	1
open	54
operating	3
operations	1
opportunity	9
opteryx_	3
orang	21
orange	3
orb	1
orchards	1
ordovician	2
organic	14
organism	13
organized	1
organs	13
oriental	1
origin	30
originated	4
originator	2
orionis	2
outbursts	3
outdated	1
outer	13
ouzel	2
oval	3
ovaries	1
overflows	1
overhead	2
overlappings	1
overlying	1
ovipositor	1
ovule	1
owe	6
owner	8
oxalic	1
oxygenation	1
ozone	1
packets	1
painted	4
pair	5
pale	1
palm	8
paltry	1
pal	12
pans	2
paperwork	1
parachute	4
paraguay	1
paralysed	2
paralysing	1
parentage	2
parents	7
paris	2
park	11
partial	3
particles	52
particularly	8
partisans	1
partly	17
passion	1
passive	3
past	29
patent	1
patient	1
paying	2
pebbles	2
pectoral	6
peculiarity	1
peer	1
pelagic	6
penetration	2
peninsula	2
peopled	2
peopling	4
percepts	1
perched	1
perfect	2
perforating	1
perform	2
perfumed	1
perhaps	77
peripatus	4
periwinkle	1
permanently	1
perpetually	1
persia	1
persuading	1
petroleum	1
phase	3
pheasant	2
phenomena	20
philosophers	1
photographic	13
photographs	10
photosphere	15
photosynthesis	4
physically	1
physics	11
physiological	14
physiologists	1
picturesquely	1
piecing	1
pierces	1
pigeon	14
pinhead	1
pink	2
pipa	1
pipe	2
pit	5
pitcher	1
pithecanthropus	11
pitted	1
place	45
plague	1
plaice	3
planet	30
plants	78
platypus	3
plausible	1
playful	2
plays	7
please	4
plover	2
plumage	7
plunged	1
plunging	1
pocket	4
poisons	3
poked	1
poles	7
police	1
polished	3
pollen	6
polygamous	1
pools	11
poor	4
popular	4
porous	1
portions	3
possession	3
possessors	3
possibilities	9
postglacial	1
posts	3
potentialities	1
pouch	6
poulton	1
poultry	2
pours	2
powerful	19
powers	8
pr	1
practical	4
pre	14
precise	12
precursor	1
predecessor	1
predict	1
predictable	1
predispositions	2
prefer	1
prelude	1
preparation	2
present_	1
presentation	2
presents	2
preserve	1
press	11
prevail	1
prevented	2
preventing	2
previously	2
prey	6
print	3
prisms	2
probing	2
problems	8
proceeded	2
proceeding	3
process	44
produced	19
producers	1
producing	8
products	1
profile	4
profit	5
profitable	7
profoundly	2
profusion	1
progressing	1
project	88
prominence	3
prominently	2
promise	8
promoting	2
propeller	1
proper	6
proportion	7
propounded	1
proprietary	1
prospect	4
protects	1
proteins	1
protists	2
protopterus	2
protozoa	16
protrusible	2
proved	10
provide	7
proving	3
provision	1
provoking	1
pterodactyl	4
pulled	11
pulling	5
punished	1
punitive	1
pupa	1
pup	2
pursue	2
put	37
putting	4
quadruped	1
quaint	6
quality	13
quart	2
queensland	2
question	27
quick	6
quiescent	2
quietness	1
quills	1
rabbits	4
radiation	9
radio	21
radium_	2
radius	1
rampart	1
ran	1
ranges	2
ranks	2
rapidly	17
rare	1
rarified	1
rates	1
rather	33
ratio	4
rats	5
reach	21
react	2
read	11
readable	2
readjustments	1
ready	12
real	8
realisation	1
reappear	2
reasons	11
recalling	2
recapitulated	1
recaptures	1
receive	7
recently	11
receptacle	1
recession	1
recognises	1
recommence	1
reconstructed	2
reconverted	1
recorded	2
recording	2
reefs	3
reel	3
references	2
reflect	5
reflex	19
reflux	1
refund	10
regions	9
regularised	1
regulated	2
regulating	2
reid	2
reins	2
rejection	1
relation	7
relative	11
release	2
relic	4
relieved	4
remainder	1
remains	39
remarks	1
remedies	1
remembered	4
remembering	2
reminded	2
reminding	2
remote	7
replaced	9
replied	1
report	8
represented	16
representing	2
reproduce	2
reptiles	41
repulsive	1
request	1
requirements	4
requires	6
resemblance	26
resembling	2
reservoirs	2
resist	3
resolved	3
resolving	2
resorted	1
respecting	1
respond	2
restlessness	3
rests	3
resulted	3
resulting	2
retained	1
retiring	1
retreats	1
retrieve	2
return	18
revealed	6
revealing	2
revolutionary	1
revolutionised	1
revolutionising	1
revolves	2
rhinoceros	4
rhodesian	5
rhythms	1
rib	2
riddle	1
ridge	1
rife	2
rigel	1
rigid	1
rigorous	1
rings	9
ripening	1
ripple	1
rischgitz	8
rising	9
rivalry	2
robbed	1
robinson	1
rod	2
rolling	1
romance	7
romanes	2
root	2
rotated	1
rotating	18
rotifer	2
rotted	1
rotting	2
rounded	2
routes	2
royal	10
rub	1
rubble	1
rufous	1
rugged	1
rules	2
run	4
rungs	2
rushes	3
russel	1
sabre	1
sac	2
sadly	1
safely	2
safest	1
safety	13
saints	2
sake	4
salamanders	1
saline	2
sally	3
salmon	21
salt	11
saltatory	1
salterns	1
sample	2
sands	2
sandstone	2
sapiens	1
satellites	5
satisfaction	3
saturated	1
saturating	1
saving	3
saw	16
says	16
sc	1
scandinavia	4
scanty	5
scapula	1
scattered	5
scenery	3
scent	3
scharff	1
schuchert	2
schultze	1
sci	4
scooped	2
scooping	3
scotland	6
scouring	2
scratching	1
screens	1
screwing	2
sea_	2
seas	15
seashore	12
seasonal	3
secondarily	1
seconds	5
secrets	1
sections	3
seek	4
seems	45
sees	1
seized	3
seizing	5
selenium	1
sends	2
sensational	3
sensory	8
sentiments	2
separated	11
separately	2
separating	3
sept	1
september	5
sequoia	1
serpents	1
serve	5
serviss	1
settled	4
settling	1
seventh	2
sexual	2
shadows	1
shapes	5
share	5
sharks	1
sheaves	1
sheep	10
sheet	1
shelter	5
shepherding	1
shepstone	6
shifting	1
shine	2
shoot	3
shore_	3
shores	4
shorten	1
shorter	10
shot	6
shoulder	2
shower	3
shrew	1
shrinking	2
shunted	1
shunting	1
shuts	1
siege	1
silken	3
silly	1
similar	26
simple	49
simplified	1
simply	9
simultaneously	1
singing	1
sinking	4
sixty	4
skies_	1
skulls	3
sky	15
slab	1
slave	1
sleep	2
slightly	4
slipher	1
slipper	3
slippery	1
slips	1
slits	3
slope	4
slot	2
slowly	16
sluggish	6
small	104
smell	9
smith	1
smolts	1
smooth	4
snails	5
snap	2
snapping	2
sneeze	2
snout	3
snuggle	1
so	272
soft	15
soldering	1
solemn	2
solicitation	1
solid	27
solidifying	1
sollas	1
some	314
sort	32
sought	2
sound	18
southern	7
southward	1
spaced	2
span	1
sparks	1
spawn	9
specialized	2
specific	3
specimens	3
spectral	1
spectroscopic	1
speculated	1
speculations	1
speech	1
speed	37
spending	1
sperm	9
spin	1
spinthariscope	1
spiny	1
spirited	1
spoken	2
sponge	9
spontaneous	4
spoonful	1
spores	2
spot	10
spotted	3
sprawling	1
spur	2
squirts	3
stability	1
stagnant	1
stamp	2
standing	5
standstill	1
star	58
stare	1
starfishes	3
starling	1
starlit	1
stars_	2
started	4
starting	8
statements	4
states	19
static	1
stationary	1
status	4
steady	3
steel	2
steep	5
stellar	11
stephen	2
steps	15
sternly	1
sticking	3
stimulation	2
stimulus	8
stir	1
stoats	1
stolidity	1
stomach	3
stones	15
stood	3
stop	8
stopped	1
stores	4
stories	2
storms	4
strangely	2
strangers	1
strangest	1
straw	3
streak	1
streams	10
stretch	2
strike	4
strokes	3
stronger	3
strongly	2
structure_	1
structures	9
students	1
studies	1
stump	1
subconscious	1
substitutes	3
substratum	3
subtler	1
successes	2
successful	12
successively	1
sucks	3
suddenly	11
suggested	18
suggesting	2
suggestions	4
sulphite	1
sunny	2
sunset	1
superfluous	2
superposing	1
supersaturated	1
supports	1
suppose	14
suppressing	1
surely	7
surfaces	8
surgeons	2
surging	1
surmised	1
surmounting	1
surpasses	2
survey	5
survivors	1
susceptible	1
sustain	1
swam	2
swamped	1
swarming	1
swift	4
swim	7
swooping	3
symbols	2
sympathetic	2
synonymous	1
synthetic	3
tackle	1
tactics	3
tactility	2
tadpoles	4
tails	5
taken	37
taker	1
tale	3
tamed	1
taming	1
tangent	2
tank	1
tap	3
tapped	1
tartan	1
tassels	1
taste	6
tax	6
tear	4
teats	1
technical	2
tedious	1
temporary	4
tender	2
tens	2
tentacles	9
tentatively	2
tenth	1
terminal	1
terms	26
terrestrial	22
terrier	2
terrific	1
terse	1
test	3
thames	1
therein	1
these	276
thickened	1
thickening	1
thinkers	4
thinking	10
thirds	2
thirtieth	2
this	559
thompson	1
thought	17
thousands	19
thousandth	2
threads	13
threshold	1
thrilling	2
throat	1
throne	1
through	119
throwing	2
thrown	6
thrush	10
thus	82
thymus	1
thyroid	3
tickings	1
tide	10
tides_	1
tiger	2
tigris	1
timid	1
tinge	2
tip	10
toad	8
tobogganing	1
toed	5
tombs	1
ton	3
tongues	2
tools	1
tops	2
totteringly	1
touch	7
tough	1
traces	7
tracheate	1
trademark	11
trailing	1
tram	1
transcending	2
transformed	9
transforming	1
translated	3
transmissibility	1
transmit	1
transmitted	3
transmitting	1
travels	13
treacherous	3
treated	1
tree	46
tremendous	7
trend	3
trent	4
triumphs	5
tropical	4
troubles	1
true	49
trumpet	2
try	5
trypanosoma	2
trypanosome	3
tube_	1
tubeful	1
tubercles	1
tubes	8
tubular	2
tumbled	1
tunic	1
turkestan	1
turned	14
turning	5
turtle	7
twilight	2
twinkling	1
twofold	2
type	42
typhoid	1
tyranny	3
u	6
ulna	2
unabated	1
unawares	2
unbranched	1
uncertain	5
uncritical	1
underground	2
underneath	5
undersides	1
understand	15
underwood	4
undoubtedly	3
unification	2
uniformly	1
unimpeded	1
uninterested	1
union	4
unison	1
units	9
universals	1
unless	15
unpalatable	8
unravelled	1
unsatisfied	1
unsegmented	1
unsounded	1
unsuitable	2
unthinkable	1
unthinkably	1
untie	1
untold	1
unutterably	1
unwary	1
uplifts	1
upon	51
uppermost	2
upright	3
upset	1
upside	1
uranium	18
usage	2
useful	24
uselessness	1
uses	1
usually	22
utah	1
utilisation	3
utilises	1
utterance	1
uttered	1
vacuole	2
values	1
van	1
vane	1
vaporised	1
variable	12
variations	16
various	50
vary	3
vegetable	3
veil	1
veins	2
velvety	1
ventures	1
verdict	1
versa_	1
vertebrate	3
very	306
vessel	2
vestige	5
victims	2
vigorous	9
viscid	2
visit	3
vitally	2
vivum	1
vol	4
vole	1
volplaning	2
volume	1
volvox	5
voracious	2
vulture	1
wafts	1
wake	1
wall	11
walt	1
wanderers	1
wandering	4
waning	3
warmer	1
warrant	2
warranty	2
was	449
washed	4
washing	1
washington	2
wasplike	1
wasted	2
watch	5
water	194
waterholes	1
watery	1
ways	29
weak	5
weakling	1
weald	1
weapons	3
webb	1
week	4
weighed	1
weights	2
well	76
whalebone	4
whales	5
wheat	20
wheel	12
whelk	6
when	283
whenever	4
where	71
whereupon	1
wherever	3
whether	25
whine	1
whirling	7
whole	56
wholesome	1
wild	25
will	154
william	12
willow	3
winds	3
winged	3
wireless	2
wise	3
wished	1
wishing	1
with	619
wolf	6
wonderfully	4
wont	1
woodwork	1
woolly	7
word	19
worldwide	1
woven	1
wrapped	5
wrens	1
wriggle	2
wrist	3
y	2
yacht	1
yard	1
yawning	2
youngest	2
youth	3
yucca	12
zealand	3
zones	3
zoophyte	4
