0	7
10	14
118	2
121	2
125	4
14	5
143	1
147	3
150	6
158	1
161	2
165	1
172	2
176	1
1781	1
1796	1
18	3
183	1
1842	1
1859	3
1864	1
1868	1
187	1
1873	1
1895	2
190	2
1903	1
1907	2
1910	1
1914	7
1918	2
1921	10
200	2
2007	1
200	1
208	2
21	3
213	2
217	1
226	1
239	1
240	1
25	10
250000	1
262	2
266	1
271	2
275	1
279	3
280	2
29	8
2a	1
32	3
36	3
367	1
4	51
43	1
4557	1
50	3
600	4
61	2
65	2
69	3
6a	1
72	4
76	4
8	19
83	2
84116	1
87	1
886	1
90	5
918	1
94	2
98	1
99712	1
_after	12
_anatomical_	1
_ancient	1
_anguilla	2
_antiquity	1
_aquatic	1
_area_	1
_astronomy_	1
_b	1
_b_	7
_before	1
_between_	1
_cambrian_	2
_carboniferous_	2
_celestial	1
_chiasmodon	2
_coloured	12
_coloured_	1
_connaissance	1
_critical	1
_darwin	1
_darwinism	2
_each	2
_euplectella_	1
_factors_	2
_first	1
_gave	1
_history	4
_homo	3
_in	3
_internal	1
_learn_	1
_lieu_	1
_lingula_	1
_lingulella_	1
_man	1
_mars	1
_men	3
_messrs	1
_miles	1
_movement_	1
_nature_	1
_nautical	2
_nautilus	1
_nebula	3
_next_	1
_omit_	1
_oncorhynchus_	1
_one	2
_one_	1
_opposite_	1
_peoples_	1
_perceptual_	2
_petromyzon	2
_physophora	2
_pigment_	1
_pliocene_	2
_property_	1
_proterozoic	1
_races	1
_recent	1
_reflecting_	1
_refractor_	1
_refractors_	1
_rhodeus	2
_scotia_	1
_silurian_	2
_specificity_	1
_square_	1
_tends	1
_tentative_	1
_that	2
_total_	1
_trillions_	1
_triticum	1
_vice	1
_waves_	1
abandoned	3
abdomen	2
ability	3
abroad	1
absent	3
absorb	1
absorbs	3
absorption	3
absorptive	1
accepting	2
accessed	1
accompanied	2
according	24
accumulation	3
accumulations	1
accurately	2
across	21
activities	7
acute	2
adams	2
adapt	1
adaptation	8
adaptations	11
additional	6
addresses	1
addresses_	1
adepts	2
admired	1
admittedly	1
adult	6
adults	3
advance	11
advances	8
advantageously	1
adventure	7
adventures	2
adventurous	4
aegir	4
affairs	3
affect	9
affectionate	1
affects	1
affiliation	2
afforded	5
afresh	2
afterwards	7
again	52
agassiz	1
ageing	1
agencies	3
agile	2
agree	12
agreement	22
agrees	1
agricultural	1
aid	2
alacrity	2
alaska	1
alder	1
alevin	1
alg	4
alike	2
allowing	3
alpha	6
alphabet	3
also	93
alter	2
alteration	2
alterations	2
always	43
amalgams	1
amarus_	2
amazingly	1
amid	2
ammoniac	1
amoeb	3
among	55
amphibia	1
analysed	3
analyst	1
anchor	1
announce	1
answered	1
anticipating	2
any	148
apace	1
appear	18
appears	8
apple	5
apples	1
applicable	3
apply	1
appreciable	1
appreciation	5
appreciative	1
apprenticeship	14
approached	1
appropriately	2
approved	1
approximate	2
april	4
aquarium	1
architecture	2
archive	13
arcturus	1
are	956
are_	1
arges	1
argonauta	2
argument	2
arguments	2
aridity	2
aristocracy	1
arm	12
arms	11
arose	11
around	13
article	5
articles	3
artificially	3
artistic	4
ascribed	1
ashes	1
aside	3
asked	6
assign	1
assimilation	1
assumed	1
assuredly	1
astonishment	1
asunder	1
asymmetrical	1
at	443
atomic	11
attach	1
attacking	2
attain	1
attainment	1
attracted	2
attraction	7
attractive	2
attributes	1
audibly	1
august	2
aux	2
availability	1
avebury	1
avoiding	2
awns	1
back	72
backs	1
bacteria	10
badly	3
bag	3
bags	3
baleen	1
baltic	3
band	2
bandage	1
bands	2
barking	1
barnard	2
baron	2
basalts	1
bask	1
bass	1
be	683
bearers	2
bearing	9
bearings	1
beaver	6
beavers	1
become	62
becomes	32
beholding	1
belief	5
beliefs	1
belle	1
belly	1
benevolence	2
bent	2
berry	1
betokens	1
betray	1
bettered	1
bewildering	1
big	43
bilateral	3
binary	1
bind	2
biological	4
biologists	2
bird	73
birds	96
birds_	1
blackbird	1
bladder	4
blanketing	1
blaze	3
blood	38
bloodedness	2
blotched	1
bluffing	1
board	6
boiling	7
bold	1
bolt	2
bolts	1
bombarded	2
boom	1
bootlace	1
borealis	4
borings	1
born	10
both	49
bound	8
bounds	2
boxed	2
boy	2
boys	1
braced	1
brackish	2
brain	65
brains	11
brains_	1
branching	1
breach	2
breadth	1
breast	7
brer	1
brian	2
bridge	2
bridges	3
brief	2
brighten	1
brightest	1
brightly	6
brilliancy	1
bring	11
brings	7
brisker	1
broad	8
broadening	1
broken	19
bromogelatine	1
brothers	2
brown	21
browns	1
brush	1
brute	2
buckling	1
bug	2
bugs	1
build	8
builds	1
built	19
bulbs	1
bullhead	1
burial	1
buried	5
bushmen	1
bustle	1
by	684
caffeine	1
cagcombe	2
calcium	1
calculate	4
calculates	1
calcutta	2
called	108
calm	3
camouflaging	4
can	185
candle	3
capacious	2
cape	1
capella	1
capelle	1
capped	2
capture	5
captures	1
carbon	8
carcase	1
carey	2
cargo	1
caries	1
carpenter	1
carried	9
cast	4
casts	1
casual	1
cathedral	2
cathode	1
caucasian	2
caucasians	2
caused	8
cavern	6
ceased	6
celled	11
centenarian	1
centrifugal	1
centrosome	1
centrosomes	1
centuries	4
ceratodus	1
cerebration	1
cerebrum	1
certain	82
chalmers	1
chalones	1
chamber	2
chamberlin	4
chambers	1
changefulness	4
changing	6
characteristic	17
characteristics	4
charitable	1
charities	1
charts	1
chauliodus	1
check	5
checks	1
cheetahs	3
chess	1
chick	2
chicks	2
chiefly	9
children	3
chitin	2
choose	1
chooses	1
chose	3
chrysanthemum	1
cigarette	1
cinder	1
circling	2
circumvented	2
city	2
claim	1
claims	1
claspers	1
class	10
clauses	1
claw	1
claws	5
cleaning	1
clearer	2
clearest	1
clearly	14
cleaver	1
clefts	5
climbers	2
climbing	2
clinging	1
clodd	1
close	19
closes	1
cloth	3
clouding	1
cluck	1
cluster	7
clusters	2
coal	21
coastlines	1
coat	3
coccyx	1
cochroaches	1
cocoon	3
cocoons	1
cod	4
cogged	1
coil	5
colder	2
coldest	1
coldrum	1
collar	3
collaterals	2
collect	2
collects	3
collides	1
collision	2
collisions	1
colonising	2
colouring	5
combe	1
combined	2
comet	16
comets	7
committing	1
common	47
communication	3
communications	1
compactness	1
comparing	3
comparison	7
comparisons	2
complete	19
complying	3
composition	6
comprehension	1
comprehensive	1
compressed	2
concatenation	1
concealed	2
concrete	2
condense	2
cones	2
confer	1
confront	1
confusion	1
conjugal	1
connect	1
conquered	5
consider	13
considerable	30
considerably	2
consideration	3
considerations	1
considers	1
consistently	3
consisting	2
conspicuously	2
constance	1
constituent	3
constituents	4
constituted	2
constitution	12
constructing	1
contemp	1
continent	4
continents	6
contingents	1
continuation	2
contractile	1
contracting	5
convenient	2
converting	1
conveying	1
convoluted	1
convolutions	1
copernicus	1
copies	7
copious	1
copper	24
core	6
corner	8
corners	5
corporation	1
correct	2
correspond	4
corresponds	6
counted	6
country	8
course	63
cousin	1
covered	8
cox	1
coyote	1
creating	4
credit	9
credits	1
creek	1
creeping	3
cremated	1
cribb	2
crisis	1
cro	1
crocodile	4
crocodiles	4
cromagnon	2
cross	10
crow	2
crowding	1
crowned	3
crows	1
crunch	1
crustacean	1
crustaceans	11
crystal	2
crystals	5
culture	2
culture_	1
curie	2
curious	7
curtain	2
curved	5
cusps	1
cuttlefish	6
cv	1
cycad	1
cycads	3
d	8
dagoes	1
dam	2
damage	3
damages	4
dangerous	5
daring	2
darkness	8
day	105
day_	5
days	34
days_	1
dazzling	1
deadly	1
dealing	5
debased	2
decipiens_	1
decline	4
declines	1
decomposing	1
deeper	4
deepest	1
deepish	1
deeply	9
defect	3
defects	1
definition	1
delicate	9
delighted	1
delivered	1
demonstrate	1
dendrites	1
departed	2
departure	2
departures	12
depended	2
dependence	1
depletion	1
deposit	3
deposits	6
depress	1
derivation	1
derivative	3
descends	1
descent	6
description	4
desert	1
deserve	1
deserves	1
desired	1
destroy	4
detaches	1
detail	4
details	4
determining	1
developed	22
devised	1
dexterity	4
dia	1
diameter	25
die	5
dies	1
differently	1
differing	1
difficulty	6
diffuse	2
digesting	2
digitate	1
dilatable	1
dim	3
dimensions	7
diminish	1
dinosaur	3
dinosaurs	4
dipnoi	1
direct	17
disadvantageous	1
disappearing	2
disappointment	1
discards	1
discharge	11
discharges	1
disciples	1
disclosed	1
discolorations	1
discover	13
discoveries	15
discovers	2
discrepant	1
discrimination	3
discriminative	1
discuss	1
disease	5
disguise	13
disguises	1
disintegrate	2
disintegrates	1
dispense	4
display	6
displays	2
disposal	1
disposed	2
disregarded	1
disruptive	1
dissimilars	1
dissociated	1
dissolve	2
distance	50
distances	18
distended	1
distinction	3
distinctions	1
distinctive	9
distinctness	1
distinguished	8
distorting	1
distress	1
disturbing	2
divers	1
divide	2
divides	4
diving	7
division	9
divisions	1
do	109
dog	28
dogma	1
dogs	5
dome	4
dominance	1
dominion	1
donors	1
dormancy	1
double	11
doubles	1
dovecot	1
dravidians	2
drawing	13
drawings	4
drawn	21
dreamt	1
dressed	1
dried	6
drive	1
drives	2
droop	1
due	29
dull	8
during	38
dwarf	1
dwarfs	1
dwell	1
dwindled	2
dynamical	1
d	1
eagle	4
eagles	2
earth	244
earth_	1
easier	5
easiest	1
easily	15
easygoing	5
eat	2
eats	1
echoes	1
eclipsed	2
economically	1
edinburgh	1
edited	1
edition	1
editions	4
eel	10
eels	8
effect	23
effectively	4
effects	8
efficiency	5
eighth	2
either	11
ejecting	2
elder	1
electric	48
electrified	11
eleven	1
eliminate	1
elk	3
elliot	1
elsewhere	6
elusiveness	3
email	3
embryonic	3
emerge	6
emerges	2
eminent	6
emission	1
emit	3
emits	2
emitting	2
emotional	2
emphatic	2
employed	4
encyclop	1
endeavoured	1
endowed	5
endure	1
enemy	1
energetic	4
engrain	1
engulfs	2
enjoyed	1
enlargement	3
enormously	13
enregistered	8
entangled	6
entire	7
entities	5
entrancing	1
environmental	1
eocene	4
eohippus	2
equal	12
equalise	1
equatorial	2
equatorials	2
equipment	6
era	18
era_	3
eras	7
erecting	1
ernest	8
erratic	3
especially	18
essential	19
essentials	1
established	18
etc	2
ether	63
ethical	1
eurypterids	1
eustachian	2
evading	2
event	4
eventful	4
events	1
eventually	12
everyday	6
everything	11
evidently	2
evolutionist	3
evolve	4
exactness	1
examining	1
example	14
examples	5
exceeding	2
except	34
excesses	1
excited	2
exclusion	1
excrementitious	1
excursion	1
exercising	1
exhibited	2
exhibition	2
existed	2
existence	30
existences	2
expanding	2
expect	8
expectation	2
expectations	1
expensively	1
experimentally	1
explaining	4
explorer	1
explorers	1
exploring	4
exposing	1
expounded	1
expresses	6
exquisitely	1
extending	1
external	11
extracted	1
extraordinary	15
eyed	1
fabre	2
fabric	1
fading	1
fahr	1
failed	1
failures	4
fairly	3
faith	1
falcon	2
familiar	11
famous	10
faraday	1
farther	12
farthest	1
farthing	1
fasten	1
faster	7
fathoms	7
faults	1
favour	4
favourable	1
feathering	1
feature	7
features	10
feeble	3
feigning	4
feminine	3
fend	1
feral	2
few	52
fibre	7
fibres	4
fibrous	1
field	23
fields	6
fig	38
figment	1
figs	1
filings	2
final	7
find	51
finds	3
finger	14
fingers	11
fiord	1
fired	1
firelight	1
fisheries	1
fishing	1
fitly	1
fitnesses	1
fixing	1
fixity	1
flapping	1
flashes	1
flat	11
flats	1
flattely	1
flattish	1
flexible	1
flipper	3
flippers	2
flit	1
flood	7
floods	3
flounder	2
flourished	2
flowed	1
fluid	8
fluids	2
flux	3
focus	3
fold	3
folds	1
follow	12
follows	10
footed	5
foraminifer	2
forced	3
forceps	4
foreground	1
forelegs	1
forest	11
forests	18
forget	1
forgetful	1
former	1
forming	22
formless	1
forty	7
found	85
foundation	28
foundations	4
framework	2
freedom	7
freeing	1
freely	8
frequenting	2
frequently	5
fresh	22
friar	1
friendly	1
frilled	5
frontispiece	2
frontispiece_	1
fully	11
fundamentally	1
fundraising	1
furl	1
furnishings	2
further	26
furthest	1
gain	3
gains	3
gale	1
gales	1
gallery	1
gannets	1
gape	2
garden	1
gardens	2
garment	7
gate	2
gateways	4
gauged	1
genealogical	6
generalisation	1
generate	2
generates	4
generosity	1
generously	1
genesis	2
genius	6
gentle	1
gently	3
george	1
georgics	1
germinal	2
gestation	1
gibbon	8
gibraltar	2
gilded	1
ginkgos	1
girdles	1
gisbert	1
gist	2
gland	2
glands	5
glasgow	1
glass	24
gleams	2
gliding	5
globigerinid	1
globule	1
globules	1
glumes	1
gluten	1
goal	1
goals	1
god	4
gods	1
golden	9
gone	11
goodrich	1
gorilla	14
got	26
gouging	1
gr	1
gradual	16
grained	1
gramme	2
granites	1
granules	4
grappling	2
graptolites	1
grasses	1
gratefully	1
gratification	1
gravers	1
gravity	6
grazing	6
greater	29
greatest	18
greatly	20
greek	9
greeks	4
greenwich	7
gregariousness	1
grey	3
groaning	3
gross	1
grouse	6
grow	7
grows	8
guide	3
guile	1
guinea	1
gullet	1
gun	1
gunnel	1
h	45
habituation	1
habituations	1
haddock	1
haired	7
halobatid	1
halves	2
happening	2
harmless	2
harmony	2
harpy	3
haunt	22
haunts	17
having	17
hawaii	1
headquarters	1
heard	6
heart	12
heartening	1
heating	1
heaved	1
heidelberg	11
heightened	1
held	8
helena	1
helmet	2
help	12
helps	6
herbage	4
herbs	1
heretofore	1
hermonis_	1
hilger	2
hill	3
hillock	1
hills	4
him	12
hippolyte	2
histories	2
hobbled	1
hobhouse	2
holman	1
home	22
homes	2
honour	2
hoofed	2
hostile	1
house	8
how	92
however	63
hue	3
huge	17
hum	1
humanity	3
humanly	1
humanoid	6
humdrum	2
hundredth	2
hungry	4
huxley	6
hydra	5
hydrostatica_	2
hypohippus	1
idea	29
ideas	29
identified	4
ignorabimus	1
ignorance	2
ignored	1
illumination	3
imaginable	1
imagination	6
imaginative	3
imitation	6
immediately	5
immense	20
imminent	1
impinged	1
implicit	2
implying	1
impossible	18
impressed	3
impression	15
impressions	3
impressive	3
inaccurate	1
incalculable	3
incandescent	4
increased	16
indebted	1
indeed	19
indelible	2
independent	6
indestructible	2
index	1
indicate	9
indicates	5
indirectly	4
indistinguishable	1
indivisible	8
inducing	1
inequalities	2
inert	4
inertia	1
inevitable	2
inevitably	1
infantile	4
infects	1
infer	1
inferred	1
influenced	5
information	10
inhabiting	3
inherent	1
injects	1
inky	1
inner	10
innings	1
innumerable	3
inorganic	8
inquisitive	3
insert	1
inspire	1
inspiriting	1
instability	1
instance	34
instances	3
instead	9
instinctive	39
institution	3
institutions	3
instrument	22
instruments	22
intellect	4
intellectually	1
intelligence	45
intended	2
intense	4
interbreeding	2
interchange	2
interesting	62
intermediary	1
international	1
interposed	1
interpreter	1
interpreting	2
interrupted	1
interruptions	1
interwoven	2
intricacy	1
introducing	2
intruder	1
intruders	2
intruding	3
invalidity	1
invasion	8
invasions	2
invisibility	6
involution	2
involved	7
inwards	1
irregularity	1
irruption	1
island	1
islands	8
isn	1
isolated	6
isolation	3
it	1399
it_	1
item	1
items	4
its	428
james	10
january	4
japan	1
japanese	3
jasper	2
jaw	11
jaws	9
jelly	2
jellyfishes	3
johnston	1
joined	2
joint	1
joints	1
jolt	1
joy	3
judged	3
juice	2
jungle	6
justifies	1
kale	1
keen	7
kelvin	7
kernel	3
killed	3
kin	4
kindly	1
king	3
kippax	1
knock	2
knocks	1
know	79
knowable	1
knowledge	37
knows	11
l	4
laboratory	11
lake	5
lakes	4
lamprey	2
lampreys	2
laplace	7
larv	6
lashed	1
lassoes	1
lasted	3
lattice	2
lay	6
lays	9
leadbeater	2
leading	6
leaping	3
learnedly	1
lectures	1
legally	1
legend	1
leibnitz	2
leisurely	1
lengthen	1
leplay	1
lessened	2
lettering	1
lettuce	1
lever	1
libelled	1
liberated	9
liberation	1
lice	1
lie	7
lies	7
lifeless	1
lifetime	4
light	210
lights	3
like	261
likened	1
likes	3
likewise	9
limbed	2
limited	14
linked	2
linn	1
littoral	6
lively	5
liver	2
living	105
lizzie	6
lloyd	4
located	5
locations	2
lock	1
locks	1
locomotion	9
locomotive	2
locomotor	3
log	1
logos	2
longer	24
longest	8
longish	1
look	20
looks	15
looting	1
lord	7
loss	8
louis	2
low	24
lowell	8
lull	12
luminosity	4
lunar	2
lycosa	1
magellanic	1
magical	2
magnesium	2
magnifying	2
mail	2
mail_	1
majority	8
majority_	1
makers	1
making	46
making_	1
malay	3
mammal	16
mammals	96
mane	1
mangrove	2
mankind	13
manner	8
manufactured	1
many	223
map	2
marble	2
mare	1
mares	1
marginal	1
markedly	3
marquis	5
masked	3
massive	4
mastered	3
matter	166
matter_	2
matters	2
matthew	2
max	2
maxim	1
maximum	5
maxwell	3
maze	6
mazy	1
mccabe	2
meadow	3
meadows	7
meal	1
meals	1
measurable	3
meat	2
meet	10
meets	1
melting	2
memorable	1
memories	4
mendel	1
mendelism	1
mental	23
mention	3
merchantibility	1
mere	8
meridian	3
mesozoic	9
met	6
metabolism	1
metchnikoff	1
meteorite	5
meteorites	10
meteoritic	1
method	25
methodically	1
methods	24
michelson	1
microscopist	1
microscopists	1
mid	3
middle	10
migrated	3
migration	7
migrations	4
milk	3
milling	1
millionth	10
mimicked	7
minded	2
mineral	1
minerals	2
mines	2
mingled	5
miniature	3
miniatures	1
minority	1
minority_	1
miocene	5
miserable	1
missed	1
mission	4
mode	1
modes	6
modified	3
moist	6
mole	1
moles	2
monarch	1
money	3
mongolian	1
monitor	2
monitors	1
monkey	20
monkeys	39
monotonous	2
monotony	1
monsters_	1
mood	2
moods	1
moot	1
moreover	16
mortar	2
moseley	3
mosquito	2
most	145
motility	2
moulted	2
moulton	1
mountain	8
mountains	11
mounting	1
movable	2
mud	24
mudstones	3
multiplicity	1
multiplied	1
mundane	1
musculature	1
musical	2
mussel	3
mussels	2
mutation	1
mutations	3
mutually	3
muzzle	1
mller	1
na	1
name	11
names	1
natans_	1
natur	2
nearer	11
nearest	10
nearly	26
nebul	24
neck	7
needed	3
negative	19
negligence	1
nerve	24
nerves	4
nervous	9
nesting	1
network	4
neutralised	1
new	141
newbigin	1
nibbled	1
nightjar	2
nimble	1
noble	4
noctiluca	2
nonplussed	1
nordics	1
norman	3
nose	1
noted	5
noticing	2
notion	3
notochord	4
nowhere	1
ntgen	4
nuclear	1
number	56
numbers	8
nutrition	1
nutritive	9
oar	1
obedience	1
obey	3
obliquely	1
observation	6
observations	5
obsolete	1
obtain	5
occasion	5
occasions	1
occur	11
occurred	6
occurrence	6
occurs	9
oceanic	1
of	5775
offspring	9
often	94
oily	1
olcott	1
olithic	6
omitted	2
on	726
on_	2
ons	1
ooze	3
opened	6
opinion	5
opinions	1
opposed	1
or	690
orbit	5
orbits	6
order	27
orders	4
ordination	1
org	13
original	16
osborn	9
oscar	1
our	220
ours	6
ourselves	10
outbreak	1
outbreaks	2
outermost	4
outflame	1
outfly	1
outline	24
outlines	3
outpour	1
outward	3
outwards	2
overcharged	1
overcoming	1
overcrowded	1
overflowing	1
overhanging	1
oviparous	1
ovum	8
owed	1
p	12
pace	2
paddling	2
page	10
pages	2
paidle	2
paint	1
paired	1
palatable	5
parallax	1
parallel	3
parasitism	1
pariasaurus	2
parish	1
parr	2
partner	4
partridge	1
partridges	1
party	1
passenger	1
passes	17
pasture	2
patches	3
path	18
pathological	1
paths	4
pathways	1
patience	4
patrick	1
pattern	4
patterns	1
paving	1
pay	3
payments	3
pays	2
peacock	2
peahen	1
peaks	1
peanut	1
peanuts	1
pearl	2
peculiar	10
pedigree	8
peeping	2
pelican	2
pelicans	1
pelomyxa	1
pencil	2
pendent	1
penetrate	3
penetrates	1
pennies	2
perceive	2
perch	1
perennial	1
perfected	3
perfection	5
performance	3
performances	3
performed	1
period	72
periodically	4
periods	9
periophthalmus	2
perish	1
permeates	1
permian	8
permitted	2
persistent	6
person	7
persons	4
pg	1
pglaf	8
phalanger	1
phalangers	2
phenomenon	3
phosphorescent	4
photo	88
photographer	1
photos	1
phrase	7
phrases	1
physicist	6
physicists	11
physiology	5
picture	24
pictures	8
pigmies	1
piled	1
pilgrims	1
pill	2
piltdown	12
pinch	2
pioneer	3
pioneers	1
pistil	1
pitt	1
pivot	3
placed	13
placental	1
placentals	1
plain	12
plains	5
plan	2
planarian	1
planarians	1
planetary	4
planting	1
plate	22
plates	4
player	1
playing	8
playsomest	1
plodding	1
plot	1
polar	11
polish	1
polystomella	2
pompilius_	1
pond	9
ponds	5
port	2
portentous	3
portuguese	3
position	17
positions	4
positive	20
possesses	2
possible	55
possibly	7
possum	2
potatoes	1
pouring	3
powder	2
powerfulness	1
practicable	1
prawn	4
prawns	2
precede	1
precipitate	4
precision	1
predominance	1
prematurely	1
preparing	3
presenting	1
presently	8
preserved	2
pressure	12
pressures	2
prevent	1
prevents	1
preyed	2
primal	1
primary	11
primrose	1
principle	9
principles	3
printed	6
prize	1
probable	17
probably	53
proceed	4
proceeds	3
procession	5
procyon	1
prodigious	10
prof	7
profited	1
progeny	1
progress	27
projection	2
prolonged	10
promised	2
prompted	2
pronounced	1
propagated	1
properties	5
proportional	1
protecting	2
prothyl	1
protoplasm	2
protozoon	4
protrude	1
protrusion	2
protrusive	4
protuberant	1
provided	5
provisional	2
ps	1
psychology	2
public	11
publication	1
publications	1
publishing	2
pull	11
pulls	3
pulp	1
punnett	1
pupil	2
purely	2
purpose	11
purposes	3
pursued	1
pursuit	1
pursuits	1
pushed	4
puzzling	2
p	1
quadrupedal	1
quantities	5
quickness	3
quiet	4
quote	2
radiate	3
radiates	1
radical	2
radiolarians	3
raft	1
rainbow	6
raindrops	1
raise	5
raises	1
ranches	1
ravine	1
raw	4
re	3
reached	14
reaction	5
reactions	9
realities	2
realize	1
reappearance	1
reappeared	1
reasoning	3
rebounding	1
recall	3
received	8
recognize	1
record	9
records	5
rediscovered	1
redistributing	2
reduced	7
referring	1
refinement	1
refinements	1
reflected	8
reflection	2
reflective	2
reflector	4
reflector_	2
refracting	2
regius	1
rejuvenescence	1
relapses	1
released	1
relinquished	1
remaining	4
remember	9
remembers	1
reminds	1
reminiscence	1
removing	1
renaissance	1
renal	2
renamed	1
renewing	1
repair	2
repeatedly	4
repelled	1
repeopling	1
repertory	7
reported	3
represent	3
representation	7
representations	1
representative	9
representatives	6
representatives_	1
represents	7
reproduced	17
reptilian	5
requiring	2
researches	1
residual	1
resistance	2
resolute	1
respect	2
respectively	2
respects	4
respiration	3
responded	1
response	3
responses	3
resting	5
restless	3
restricted	4
restriction	1
restrictions	2
result	25
results	22
resurrection	1
retain	2
retreating	1
retrogressions	1
retrospect	1
returned	3
reveal	3
reveals	4
revelation	1
revelations	4
reverse	2
reverses	1
revolving	6
rhine	1
rhodesia	2
rhythmical	1
richer	1
richly	1
rigord	1
risk	6
risks	6
ritchie	3
rivals	3
riviera	1
robin	1
rocky	3
roll	2
romantic	1
room	7
rooms	1
rooted	1
rose	4
roughly	1
round	82
round_	1
roundabout	1
roving	1
royalties	2
rudely	2
rushing	2
russell	3
sacrificing	1
salivary	1
satisfactorily	1
satisfied	1
saunders	3
savage	1
saying	10
scaffolding	1
scarce	2
scarlet	2
scatter	2
scene	9
scented	1
sceptical	1
schoetensack	1
schwalbe	1
science	64
sciences	4
scientific	30
scion	1
scions	1
scissors	2
scope	1
scrapers	1
scraping	1
screw	1
sculling	1
season	3
seaweed	18
seaweeds	7
secchi	1
secluded	1
secondaries	1
secondly	1
secure	11
secures	1
sediments	1
seeing	2
seen	90
segmented	1
selecting	2
semang	1
semicircular	1
semites	1
sending	2
sensation	4
sensible	1
sensitive	12
series	17
serious	7
serum	1
served	5
seventieth	1
seventy	2
severely	1
sexes	2
shading	1
shafts	1
shard	1
shared	4
sharp	8
shattered	1
she	34
sheath	1
sheaths	1
shelf	2
sheltered	2
shield	2
shift	4
shifts	5
shrink	4
shrinkage	3
shrinkages	1
shrunk	1
siamang	1
side	64
sides	10
sideways	3
sifting	16
silent	2
silver	2
simian	11
similitude	2
simplicity	2
sink	9
sinks	4
sir	55
sirius	2
site	7
sites	1
situated	2
situation	7
situations	2
sixes	1
sixth	3
skeletal	1
skeleton	11
skeletons	6
skilful	1
skipper	3
skips	2
slime	1
slipperiness	1
sloth	2
sloths	3
slouching	1
slumbers	1
slumped	1
smallness	1
smelted	1
smoothness	1
smother	1
snake	7
snakes	8
sneak	2
snow	11
soap	8
society	5
sockets	2
soil	6
soldier	2
solidary	1
solitary	2
solution	13
solutions	2
solved	4
somehow	7
something	35
soon	15
sop	3
sorted	2
sounded	1
soup	1
source	17
sources	2
sowing	2
spacious	2
sparkle	1
spawned	1
specialised	2
specially	2
species	27
species_	3
speck	3
specks	1
spectroscopist	1
spectrum	24
spencer	1
spend	4
spends	1
sphere	1
spider	28
spiders	8
spikelet	1
spikelets	1
spinal	5
spined	5
spiral	32
spirals	2
spirit	6
splashes	1
splendid	2
splendour	1
split	8
splits	1
splitting	4
spoiling	1
spoke	3
spoonbill	2
sporadic	2
sporozoa	1
sprang	6
sprawl	1
spring	12
sprinkling	1
sprouts	1
sprung	1
spy	1
squirrel	7
squirrels	3
squirting	1
stag	1
staggering	1
stand	3
stands	5
start	7
startling	5
starts	2
stately	1
steadfastly	1
steadied	1
steam	6
steering	1
stick	6
sticks	1
stigma	1
stimulate	1
stinging	6
stingless	1
stockholm	2
stoneless	1
stoppage	1
stoppages	1
storing	3
strain	1
strains	3
strata	9
streamers	1
streaming	3
strengthened	1
strenuous	7
stretched	1
strict	4
strides	1
string	2
strings	1
struggle	26
struggles	2
stubborn	1
stuck	1
studying	4
sub	1
subscribe	1
subsequent	3
subtle	7
such	158
suckers	1
sucking	1
suctorial	2
sufficiently	5
sugary	2
suggest	7
suggests	7
summer	17
sun	234
sun_	1
sunk	3
suns	5
superficially	2
superior	1
supplies	3
supporting	4
supposed	13
surpassing	1
surprise	1
surrounding	14
surroundings	24
surveyed	1
survive	13
survives	1
suspected	2
svante	1
swamp	4
swamps	2
swarm	6
swarms	1
swayed	1
sweat	1
sweep	1
sweeps	1
sweet	2
swoop	1
symbiosis	1
symmetrical	1
sympathy	3
system	75
systems	1
t	6
table	7
tacchini	1
tackled	1
tailless	1
take	54
takes	22
talkativeness	1
talons	1
tangere_	1
tapeworm	1
target	1
taxed	1
tea	1
teacher	4
teaching	1
teaspoonful	1
technicalities	2
telegraph	2
telephonic	1
telescope	33
telescopes	8
telescopes_	1
tell	16
tells	10
temper	4
temperature	46
temperatures	7
tension	3
terns	1
territories	1
tested	2
tethering	1
text	8
than	239
thanks	2
their	313
theirs	1
then	91
theoretical	1
theory	56
therefore	36
thicker	1
thickly	2
thicknesses	1
thigh	4
thin	8
thing	18
things	49
think	40
thinks	6
thirdly	2
thoroughgoing	1
thoroughly	8
three	78
threes	1
thrice	1
thrills	1
throw	6
throws	2
thumb	6
thunder	2
thunderstorm	3
tidal	5
tiki	1
till	15
to	2291
too	48
took	16
torrent	1
torrents	1
tortoise	6
tortoises	4
tortuous	1
touched	3
trache	1
trails	1
trammels	1
tramps	1
transcription	1
transfer	2
transform	1
transformation	7
transformations	1
transfused	2
transparent	8
trap	5
traps	1
treacly	1
tread	1
treatment	2
tremor	2
trial	10
trials	1
triangular	2
tribe	1
tribes	1
tried	6
trip	2
triumphantly	1
troop	2
trough	3
troughs	1
tumultuous	1
turn	23
turns	7
twelfth	1
twelve	2
twentieth	1
twenty	24
twice	8
two	184
tylor	1
ultimate	4
ultramicroscope	1
unaltered	1
unavailable	6
unavailable_	1
uncatchable	1
undeniable	2
understanded	1
understood	6
undertaken	1
underwent	2
unearthed	1
uneasy	2
unenforceability	1
unexhausted	1
unfolding	1
unfortunately	2
ungirt	1
ungrateful	1
unified	1
uniting	2
universally	1
universe	70
universe_	1
universes	8
unknown	10
unlikely	2
unlit	1
unnecessary	1
unobtrusive	1
unpacked	1
unpalatability	1
unprecedented	1
unrest	1
unsettled	1
until	40
untutored	1
up	167
up_	1
upbuilding	1
upper	33
upturned	1
urgent	1
useless	7
user	3
using	14
ut	1
utilising	1
utilitarian	1
utter	3
utters	1
vague	1
vaporisation	1
vaporous	1
vapoury	1
variability	7
varied	9
varieties	5
vaseline	1
vaster	1
vastly	5
vedda	1
velocity	14
velocity_	1
venatici	1
ventral	3
veritable	3
vertebr	6
vertically	1
vestigial	5
vi	4
vibrating	1
vicious	2
vicissitudes	2
victory	2
viii	3
violates	1
violently	6
virtue	6
visible	26
visitor	1
visitors	8
vivid	1
viviparity	4
vm	1
volts	1
voluminous	1
voyage	2
voyages	1
vulgaris_	1
wade	1
waist	1
wallowed	1
walton	1
wander	1
wanting	1
war	16
washerwoman	1
wasp	5
wasps	4
watched	1
waterhouse	1
wealth	1
weaponless	1
wear	3
web	17
webbed	1
wedge	1
weigh	6
weighs	6
weir	1
west	7
western	1
wheatfields	1
whereby	4
whilst	2
whirligig	2
whistle	1
whitish	1
whitman	2
whom	4
whose	18
why	26
wide	8
widened	1
width	1
winding	1
wing	22
wings	20
winter	24
wish	3
wisps	1
witnessing	1
woodward	1
world	92
world_	1
worlds	4
worlds_	1
worm	9
worms	19
worse	3
worship	1
worsted	2
worth	4
wot	1
wounded	2
wrongly	2
wrought	4
x	33
yellowish	2
yerkes	19
yet	57
yielding	1
york	11
young	99
your	14
zeppelin	1
zostera	1
