00	1
001	1
100	14
104	1
108	1
113	1
117	2
13	3
135	1
139	1
140	2
144	2
1500	1
153	1
157	4
166	2
17	5
171	1
175	1
179	3
1845	1
1856	1
1885	1
1892	1
1896	1
1900	2
1904	1
1908	4
1917	5
1922	12
1924_	1
193	1
197	2
203	1
2163	1
22	7
221	1
232	2
243	1
247	2
250	8
254	3
258	2
26	6
283	2
287	2
290	2
3	58
31	3
333	1
34800	1
35	3
386	1
3a	1
40	7
44	1
48	2
500	13
53	1
57	2
580	1
62	3
6221541	1
67000	1
7	21
7700	1
7a	1
80	1
801	1
809	1
830	2
84	1
86500	1
866400	1
88	1
93	2
_	142
_________	2
_______________	2
_______________________________________________________________________	7
_a	8
_and	1
_animal_	1
_animals	1
_anolis_	1
_anthropology	1
_aquitania_	1
_arch	4
_argyroneta	1
_artemia	1
_basal	1
_birgus	2
_brownian	1
_c_	6
_call	1
_cenozoic	1
_colour_	1
_consumers_	1
_cretaceous_	1
_curiosities	1
_devonian_	2
_different_	1
_diffraction	1
_draco	2
_embryological_	1
_equatorially_	1
_even	1
_every	1
_evolution_	2
_evolved_	1
_fact_	2
_formative	1
_from	14
_fry_	1
_g_	1
_great_	1
_grilse_	1
_historical_	1
_human_	1
_identity_	1
_instinctively_	2
_intelligent	1
_is_	2
_jurassic_	1
_kallima	2
_kelts_	1
_ligula_	1
_limulus_	1
_luidia_	1
_natural	2
_noli	1
_o_	1
_oligocene_	1
_organic	3
_origin	2
_outside_	1
_pal	1
_phyllopteryx_	1
_pipa	2
_pithecanthropus	2
_planets_	1
_pleistocene_	1
_popular	2
_post_	1
_qui	1
_reason_	1
_rest_	1
_same_	1
_second_	1
_see_	1
_semnopithecus	1
_the_	1
_these	2
_transit_	1
_triassic_	1
_when	1
_with	1
abbreviated	1
abeyance	1
abide	1
aboriginal	1
about	194
above	38
absence	8
absurdly	1
accept	3
accidental	2
accomplished	2
account	14
accumulates	1
accurate	4
achievement	2
acorn	1
acquiesce	2
acquisition	5
acted	1
acting	4
actions	18
adaptability	1
adaptive	3
add	1
additions	1
adequate	3
adjusted	4
adjusting	2
admiration	2
admit	7
admitted	6
adopted	2
adopting	1
advanced	8
advancing	3
advantage	17
advantageous	4
adventurers	1
advertisement	2
advice	1
aeroplane	2
affection	3
affinities	2
against	36
age	56
agee	1
agent	2
ages_	2
agility	2
agreed	1
ahead	4
ak	1
albatross	3
alchemy	1
alertness	5
alfred	2
algol	3
aliens	1
alive	3
all	290
allantois	2
alley	1
allow	9
along	41
alternation	1
alternative	4
although	27
aluminum	1
alytes	1
amazing	2
amenity	1
american	9
amidst	1
amniota	1
amongst	12
amount	24
amphibians	41
analysis	3
anamnia	1
andes	1
anemone	13
angel	1
angles	6
animal	129
animals_	1
animate	5
annihilated	1
another	133
answers	11
antarctic	2
antenna	1
anthropoid	18
anthropology_	1
antler	1
ants	11
anyhow	1
anything	8
apartness	2
apparatus	10
appearances	2
appendages	2
appetites_	1
appreciatively	1
approaches	4
appropriate	5
approximately	9
apt	9
aptitudes_	1
archaic	2
arctic	7
arid	2
arisen	5
aristotle	3
armadillos	1
armour	4
array	1
arrhenius	1
arrow	4
arthropods	4
arthur	15
artificer	1
artificial	8
as	824
ascends	3
ascertained	1
ascidians	1
ashore	1
asia	11
asks	3
aspect	7
assemblage	2
assistance	1
assisted	1
association	12
associative	4
assortment	1
assurance	1
assured	1
astronomer	12
astronomical	5
atmosphere	28
attack	1
attempts	7
attend	2
attendant	2
attitude	5
attracts	1
attributed	2
audacity	1
auk	1
aurelia	1
aurora	5
australian	9
authority	3
automatically	2
avalanche	1
average	12
avocet	2
avoid	4
awakened	1
awareness	5
away	57
awkward	3
babies	1
background	6
bad	2
baits	1
balloon	2
banished	1
bank	5
bark	2
bars	3
basin	1
bat	5
bathers	1
batteries	3
beads	1
beaked	1
bear	16
beasts	2
beauty	1
becoming	17
bed	1
been	264
began	45
begin	18
beginner	1
beginnings	9
begun	5
behind	18
behold	1
beings	3
belonged	2
belonging	1
below	25
beneath	9
beneficial	4
benefit	2
besides	25
best	17
beta	7
beune	2
bibliographies	1
bigger	3
billed	3
billions	3
biology	3
bipedal	3
birth	12
birthplace	3
biscuit	2
bit	5
bite	2
bivalves	1
blanket	2
blazing	1
blossoms	1
bloweth	1
blowhole	1
blows	1
blues	2
blushing	1
boast	1
bodies	36
body_	1
bodyguard	1
bon	1
bone	17
bony	5
boon	1
bottle	2
boundary	2
boxes	7
bragg	4
branch	20
breakage	1
breaks	6
breathes	2
breeding	12
brick	3
bridged	1
briefly	3
bright	13
bristle	2
britain	9
british	27
broader	2
broke	1
bronze	3
brooding	2
brutish	1
bubbles	4
bud	2
budding	3
bulges	1
bullet	8
bumbling	1
buns	3
buoyed	1
burbank	1
burden	1
buries	1
burned	1
burning	4
burrowers	2
burrowing	5
bush	1
bushy	1
business	6
bustard	2
but	537
butterfish	1
butterflies	5
button	1
buttonholes	1
c	31
ca	1
cabbage	1
calculated	7
calculating	2
calculations	2
calendar	1
calls	6
came	28
camouflage	2
canals	7
canine	3
canopy	1
canyon	2
capacities	13
capillaries	1
captivity	2
captured	5
capturing	3
carapace	3
carbohydrates	1
card	7
carnegie	2
carnivore	1
carnivorous	2
carries	8
cases	67
castings	1
catches	2
caterpillar	3
caught	5
cauliflower	2
causes	11
cautions	1
cavendish	2
cavities	1
ceases	2
celandine	1
celebes	1
cells	67
cent	5
centigrade	1
centimetre	2
centipede	1
cereal	2
certainly	15
certainty	3
cetaceans	1
ceylon	2
chain	4
chance	3
change	49
chapters	2
characters	7
charge	13
chemicals	1
chemist	4
chequer	1
chest	2
chicken	2
chief	14
chili	1
chimpanzee	24
chins	1
chlamydosaurus	1
choosing	1
churning	1
circle	9
circuit	5
circulation	2
circumference	2
cited	1
citing	1
civilisations	2
clap	1
clavius	1
clean	1
clear	26
clerk	3
cleverest	2
cleverness	3
climate	13
climax	11
climb	3
cling	6
closed	3
closely	13
closing	3
cloud	15
cloudy	1
clumps	1
coatings	1
coconut	2
coherent	2
cold	23
collection	14
collided	1
colliding	2
collie	1
colonies	2
colonise	2
coloration	13
colour	68
columbus	2
combination	5
combustible	1
comes	20
commands	2
commodity	1
commoner	2
commonly	2
communal	1
community	2
company	2
comparable	7
compare	4
competition	6
competitive	1
compilation	2
completed	2
completely	6
complexity	8
comply	6
compounded	3
computation	1
conceivable	1
conceive	4
concentration	1
concentric	2
conceptions	1
concerned	6
concerning	3
condensed	8
condition	6
conductor	2
confess	1
confidently	1
confirmed	2
conflagration	2
conjugation	1
connection	15
conquest	10
consequences	7
consist	3
conspicuous	13
constitutes	4
construct	2
consumed	1
contained	6
containing	10
contents	2
contract	3
contrast	7
controversial	1
conveniently	2
conventional	1
convergences	1
convert	3
convey	1
conviction	2
cooled	5
coolest	2
cooling	12
cooperative	1
copied	2
copying	4
copyright	15
coral	10
cords	2
cormorants	1
corona	6
coronium	2
corpuscular	1
corroborated	2
corroborating	1
cosmos	1
coughing	1
could	64
counteract	1
counterparts	3
counts	3
couple	1
courtship	1
covers	2
crab	41
cracking	1
crane	2
create	4
creep	3
cretaceous	5
crevices	1
crittur	1
croaking	3
crocodilian	1
cromagnards	3
crop	5
cropped	1
crossland	1
crowd	2
crumbs	3
cuckoo	4
cucumbers	1
culminating	4
curiosity	3
curiously	2
curl	1
curlews	1
curly	3
currents	7
curves	1
cuticle	1
cyclones	1
cyclostomes	1
cylinder	1
cynodonts	1
daily	5
damaged	2
damp	4
dangerously	1
dare	3
darkened	1
darted	1
darting	1
dashes	1
dasypeltis	1
dates	6
dawn	13
daylight	1
dead	22
deal	22
decanter	1
decaying	2
decide	1
declared	1
declined	1
decreases	1
deduce	1
deep	49
defective	4
degree	21
deliberateness	2
deliberation	1
delicately	4
democracy	1
demonstrated	1
dental	1
deny	1
departments	1
departs	2
depends	20
deperet	1
depreciate	1
depth	5
desires	1
despairing	1
destined	5
detected	2
detecting	6
deterioration	2
determine	5
develops	2
devices	6
devonian	9
devoured	2
devouring	2
diagrams	2
died	4
diet	2
differ	11
different	95
digged	1
digit	2
dimly	3
dimmed	1
dingo	2
dipper	2
direction	22
directly	14
disappear	3
discerned	1
discharged	3
discharging	2
discourse	2
discoverer	2
discriminates	1
discussion	3
diseased	1
disembodied	3
disgust	1
dislodged	1
disorders	1
dispensed	1
disposition	1
dissipated	4
dissolution	1
dissolved	6
dissolving	1
distinctively	3
distribution	10
distrust	2
diurnal	2
dive	2
divided	8
dividing	5
doctrine	2
domain	9
domed	4
domestication	2
donation	1
donkey	1
doors	6
doubled	3
doubling	1
doubted	1
downward	3
drained	1
draw	4
dreams	1
drew	2
driving	5
drought	6
drowned	1
dubois	1
duckmole	5
dying	7
eagerly	1
eared	1
earthworms	8
ease	1
easy	14
eaten	1
eater	1
ebb	1
eclipses	1
economical	1
economised	2
educate	1
educational	1
effective	9
efforts	4
eggs	54
eighties	1
elaborate	1
elastic	2
elbows	1
electricians	1
electricities	1
electricity_	1
electron	32
electronically	2
elevated	1
elevations	2
eliminated	2
elliott	3
elongated	8
emancipated	3
embedded	2
embryological	2
embryos	6
emerged	5
emergence	11
emerging	5
eminently	2
emotionally	1
emotions	6
emphasis	1
emphasise	1
emphasized	1
empire	1
employees	2
empty	14
encircling	1
encounter	1
encouragement	2
endeavours	1
ends	7
endurance	1
enduring	1
energy	180
enforced	1
engender	1
engines	1
engravings	2
enhanced	2
enlarged	3
enormous	26
enough	30
enregistrations	1
entellus_	1
entered	6
entering	6
enthusiastic	1
entirely	15
entrance	3
envelops	2
epoch	4
equally	8
equivalent	1
erect	8
erectus_	1
ermine	3
eruptions	1
essentially	6
estimate	10
estuary	1
etre_	1
euclid	1
euphrates	1
evade	3
evaporate	1
evident	1
evil	1
evolution	184
evolved	20
evolving	5
examine	1
excavating	2
exceed	1
exceedingly	2
exception	2
excitedly	1
exclusively	1
exercise	1
exertions	2
exhaustion	1
exhibits	2
exists	7
expansion	3
expend	2
expensive	1
experience	19
experiential	1
experimental	13
experimented	2
experimenting	16
expert	2
explain	14
explanation	11
explodes	1
expose	1
expositor	1
expressed	7
expressing	4
expressions	4
exquisite	2
extend	5
extension	3
extensive	1
extent	12
extinct	29
extraneous	1
extraordinarily	5
exudation	1
eyebrow	7
eyes	26
facial	4
facilitates	1
fact	78
fade	1
fails	1
faintest	1
faintness	1
fair	1
fairbanks	1
falling	11
familiarly	1
family	20
fascinating	4
fashioned	2
fashioning	2
fast	9
fat	2
fate	4
fauna	13
fear	2
feather	4
fed	5
feeds	3
feels	2
felted	1
female	21
ferments	1
fewer	2
fiery	6
fifteenth	1
fifth	1
figure	8
file	2
filled	2
film	7
filters	1
finally	13
finder	1
findings	1
finished	2
fins	7
fires	1
fish	65
fit	11
fitted	2
fitting	1
fives	1
fix	3
fizzing	1
flames	5
fleas	2
fleece	1
flew	3
flies	10
flints	1
floated	1
floating	15
flowering	9
flows	2
fluke	1
fluorescence	1
folk	7
for	621
forbears	1
forces	8
fore	18
foreheads	1
forester	1
forever	1
form	83
formations	3
formerly	1
formosa	1
forwards	2
fossil	11
fossiliferous	1
fostered	2
foul	2
founder	1
fountains	1
fourth	11
foxes	3
fraction	5
fracture	1
fragments	6
frame	2
frankly	1
free	28
french	3
frequent	5
friction	6
friend	2
fritz	1
frog	23
fronds	1
froth	1
frugivorous	1
fry	8
fullest	1
fullness	1
fumbling	1
functions	3
fundamental	19
funnel	1
furneaux	1
furnish	4
furs	1
furthermore	2
fusion	3
fv	1
g	51
galloping	2
galls	1
gambiense	2
gamble	2
game	6
gamekeeper	1
gamma	4
ganglia	1
gases	16
gathered	3
gathering	5
gaume	4
gaunt	1
geddes	1
genealogy	1
genera	1
generated	1
generating	1
generations	6
generous	3
genial	1
geographical	2
geological	8
geologists	2
germination	1
giant	15
gift	1
gigantic	15
gilbert	1
gills	11
girdled	1
girdling	2
given	41
glacial	6
glad	1
glance	1
glimpse	10
globe	14
glorious	2
glory	2
glowed	1
glowing	16
gnawed	1
goes	16
goethe	1
gold	11
gorging	1
gradually	20
grains	2
grandest	3
granted	2
grave	2
gravitational	7
great	254
greens	2
gregory	1
grilse	2
groups	7
guanin	1
guard	4
guess	2
guidance	1
guided	1
guiding	2
gulf	2
gulls	2
gulps	1
gum	1
gutenberg	93
gyges	1
habitat	4
hailstones	1
hairs	7
halfpenny	1
halo	3
halved	1
hammers	3
hampton	3
handed	7
handkerchief	1
hangs	1
happen	3
hardest	2
hare	11
harks	1
harm	1
harnessed	1
hastened	1
hatched	8
hatching	5
have	478
hawkins	1
haze	1
head	29
heap	1
heat	90
hebrides	1
heel	4
helmholtz	1
helpless	1
hemisphere	2
hen	4
her	57
here	49
heredity	2
hewn	1
hibernation	1
hickson	2
hidden	4
hindmost	1
hinted	3
historical	4
hither	2
hits	1
hive	2
hjort	1
hoar	1
holding	12
hole	8
hollowed	1
homing	3
hood	4
hop	1
hope	6
hoppers	3
horizon	1
horizontal	2
horned	1
horse	37
horsetails	1
host	7
hot	26
hottest	1
hour	10
hours_	1
human	79
humane	1
humming	2
hump	1
hundredfold	1
hunted	1
hunters	3
hunting	7
hurled	2
hurrying	1
hustler	1
hydatina	1
hydrosphere	2
hypertext	1
ice	23
idly	2
ignoramus	1
ill	2
illustration	259
image	5
imaginings	1
immature	3
immediate	7
immemorial	3
immensely	4
immensity	2
immersed	3
immortality	1
imperious	1
implement	1
imply	4
imprints	1
impulse	4
impure	1
inachis_	2
inattentive	1
inborn	17
incandescence	1
inches	28
incident	1
incipient	2
inclined	9
incomplete	2
increases	3
indemnity	1
indents	1
independence	1
independently	2
indicated	5
indicating	2
indications	2
indicus_	1
indirect	3
indispensable	4
individuality	2
indo	1
indubitable	3
induce	1
inducement	1
industrious	1
industry	1
inequilibrium	1
inexperienced	1
infant	5
inferior	1
inflate	1
influences	5
infusorians	2
ingersoll	2
inhabit	1
inhabitant	1
inherently	1
innocent	3
insect	26
insectivores	3
insects_	1
insertion	2
inset	1
inside	10
installations	1
instinct_	1
instinctively	3
instincts	7
insurgent	1
intellectual	6
intensely	1
intensity	4
intercourse	2
interest	29
interlinked	2
interlock	1
interpret	2
into	211
intrigued	1
intrinsically	1
introduce	3
introductions	4
introductory	2
intrude	1
invaded	2
invaders	1
invading	1
investigate	1
invisible_	1
involves	4
iridescent	1
irish	1
iron	30
irregular	2
irresponsibly	1
irrigation	1
is	2150
janes	2
jean	1
jesuit	1
jettisons	1
jewels	1
johnson	2
joule	1
journeyed	1
journeyman	1
judgments	3
july	2
jumna	1
jumps	2
jurassic	7
just	56
justified	2
juvenile	2
k	1
kangaroo	4
kant	1
kataleptic	1
kea	2
keenly	1
keeping	6
kent	3
key	8
kidney	1
kind	60
kinetic	3
kingdoms	1
knife	4
knot	1
knotted	1
krait	3
ladder	3
lafayette_	1
lagoon	1
laid	10
lambs	2
lamented	1
lamp	6
lancelets	1
landscape	1
language	7
lanugo	1
lapse	1
larynx	1
lashes	1
lasts	3
lateral	2
latitudes	1
latter	7
lava	1
layer	11
lead	13
leap	5
learned	19
learning	28
least	27
leaves	15
leech	1
legal	2
legions	1
legitimately	1
leisure	5
lenard	2
length	35
leonard	2
leopards	2
leptocephalus	1
lesson	1
lethargic	1
lets	1
letter	4
liberty	1
library	6
license	16
lids	2
life	202
lifted	2
lifting	2
lighter	8
lightly	3
likely	9
lilies	2
limbs	15
limitation	5
limits	10
line	44
lingering	2
linkage	2
links	3
lion	3
lips	4
liquefies	1
liquid	15
listeth	1
lists	1
literal	2
little	82
live	23
lizard	9
ll	2
loaf	1
lobes	2
locusts	2
logical	1
loin	1
long	123
lop	1
lost	9
lot	2
lower	35
lowly	3
luminescent	2
luminous	15
lump	1
lungs	6
luther	2
lying	10
macaque	2
mackerel	1
macpherson	1
magnetic	25
magnetism	11
magnets	1
maintained	5
maintaining	1
maintenance	1
make	67
maladies	1
malaria	5
mammoths	1
manifested	2
manifesting	1
manipulate	1
mantis	3
marked	33
marking	1
marmosets	2
marshes	4
masculine	4
masks	1
masses	12
masterful	1
masterliness	1
masters	1
mathematicians	1
mature	4
mc	1
meaning	14
mechanism	1
mediocre	1
mediterraneans	1
medley	1
melan	1
melancholy	2
melt	1
members	13
merely	14
merged	1
merit	1
merychippus	2
message	6
messengers	6
metals	9
meteor	2
methodical	1
miall	1
mic	2
mice	2
microbes	3
microbic	1
microscope	3
midday	1
midriff	1
midst	1
mild	5
mill	2
millimetre	2
milt	1
mimic	2
minced	1
minds	3
miners	1
mining	1
minnow	4
minor	7
minute	37
misjudge	1
misses	1
mississippi	1
mistaken	1
model	8
modelled	6
modernity	1
modifications	1
moisture	5
molecules	47
molluscs	5
moment	10
momentous	5
mongol	1
morgan	4
moribund	1
morley	1
mortality	4
moss	6
mostly	5
moths	4
motion_	2
motions	11
motor	8
mottlings	1
motto	1
moults	1
mound	3
mount	20
mouthful	1
mouths	4
muddy	2
multifarious	1
multiples	1
multiplies	2
multitude	6
murray	5
muscular	3
museum	26
mutilation	1
mutual	4
myriads	1
mysteries	4
nails	2
named	5
namely	12
national	2
nautiloids	3
navigable	1
neanderthalensis_	1
neanderthalers	2
near	38
nebular	13
necessity	4
needs	4
negatively	4
negotiated	1
negro	1
neighbourhood	1
neighbours	2
neither	6
neoceratodus	2
neolithic	13
nervures	1
nest	36
nestling	1
net	5
neville	1
newcomb	3
newer	1
newly	5
newt	1
nibbles	1
niche	3
nineteenth	8
ninth	1
nip	1
nipped	1
nitrates	1
nitrogen	1
nitrogenous	3
non	11
nondescript	1
none	10
nonproprietary	1
noon	1
nor	21
northern	8
notes	1
notice	29
nototrema	1
nourished	1
novelties	4
november	3
nuclei	2
nude	1
nurse	1
nurture	2
nut	6
o	5
obligation	1
obliteration	1
obscure	8
observer	2
octave	1
odours	1
offered	4
office	2
offshore	1
oftener	1
oligocene	3
oneness	1
onion	1
only	151
opens	4
operation	4
opportunities	4
opteryx	3
optic	1
orderly	1
ordinary	32
organ	7
organically	1
organisation	1
organisms	17
originally	6
originative	1
originators	3
origins	1
orioles	1
orion	2
orohippus	2
orthoptera	1
ottawa	1
ought	5
outflowing	2
outgoing	1
outlined	2
outlook	1
outside	19
ovary	1
oven	1
over	81
overcome	4
overlooked	1
overtaken	1
overtax	1
ovules	2
owes	1
oxygen	17
oyster	1
pacific	7
packed	3
packet	4
paddle	2
paid	8
paintings	2
pairs	3
palms	2
paloloworm	1
parent	13
parrot	7
particle	13
parting	1
partitioned	1
pascal	1
passed	17
passing	17
patagium	2
paul	1
pecked	2
pecking	1
peculiarities	11
peculiarly	3
pegged	1
pelage	1
pelagica_	2
penetrated	4
penetrating	3
per	12
perceived	5
perceiving	1
percept	1
perceptible	2
percival	2
permeable	2
permeating	1
permissible	1
perrin	2
persecuted	1
persisted	2
persistence	1
persistently	2
persisting	1
pervades	1
pests	1
petrel	4
pets	1
phases	1
philosopher	2
philosophical	1
phoenix	1
phosphorescence	1
photograph	42
photographically	1
photography	1
physics_	1
picked	6
pictorial	4
picturing	1
piety	1
pigeons	5
pillar	3
pin	2
pipes	2
pitched	1
pituitary	1
places	15
plainly	3
planets	40
plant	17
plasticity	3
play	12
plebeian	1
pleistocene	8
plenty	4
ploughed	1
plovers	1
plum	1
plume	1
pockets	3
pod	1
pointed	3
pointing	1
poised	1
poisonous	3
poker	7
pole	10
polynesian	1
pool	10
porcelain	1
porcupines	1
pork	3
portals	1
portion	7
positively	8
possessed	4
possessing	3
possibility	18
post	3
posterior	1
potassium	1
potentiality	1
pounding	1
pour	2
power	51
practicability	1
preceding	4
precious	5
precursors	4
predecessors	4
predestined	1
predicts	1
predisposition	1
preferred	1
prefers	1
prejudicially	1
premature	1
preparatory	1
prepare	2
preparedness	1
present	50
preservative	1
press_	1
presume	1
pretty	3
price	2
primarily	1
primeval	7
primitive	29
primus	1
prism	12
probability	7
problem	20
processes	16
producer	4
product	2
professor	88
profits	2
profoundest	1
prognostications	1
progression	1
progressive	7
prohibition	1
projects	2
prolific	7
prolongation	2
prominences	10
promiseful	1
promotion	1
proofreading	2
propel	1
propelled	1
propitious	1
proportions	3
proposal	1
prospects	1
protect	3
proterospongia	2
proton	1
protruding	1
provides	4
provinces	1
provisions	1
pruned	1
psycho	1
psychologist	1
ptarmigan	2
pterodactyls	7
pterosaurs	1
puffin	2
pump	1
punics	1
punting	2
puny	1
pure	2
purling	1
pursues	3
pushes	1
puts	6
puzzle	5
pycraft	1
qualify	1
qualities	8
quarry	1
quaternary	1
questions	9
quoted	1
rabbit	8
racial	11
radiant	6
radiated	4
radiating	3
radiations	2
radium	44
railway	2
rain	5
raised	6
raising	1
rang	2
range	11
rank	1
rapidity	5
rat	1
rate	21
rational	4
reaches	19
reacts	1
reads	2
realise	8
reappears	1
rearrangements	1
reason	35
reasonable	5
reasonably	2
recapitulation	3
receives	2
receptacles	1
reception	1
recognise	16
recognition	3
recommended	1
reconciled	1
reconstruction	4
recuperate	1
red	63
redistribute	1
redivides	1
reduces	2
reduction	4
reeds	4
reef	2
reference	3
refined	1
regarded	15
region	18
registered	3
registering	1
regularity	1
regulus	1
reign	1
reincarnated	1
reindeer	5
rejected	1
related	14
relations	13
relationship	10
relatives	5
reliable	2
relics	5
religiosa_	2
rely	1
remain	16
remarkable	29
remarkably	1
remove	1
render	1
repeated	5
repeating	1
repopulation	1
report_	2
reports	1
reproduction	12
reproductive	5
reptile	9
require	10
rescued	1
resemblances	1
reservoir	3
reshufflings	1
residents	2
resides	1
resounded	1
resourceful	1
resources	6
respective	1
responds	1
responsibilities	1
rest	16
restored	4
retreat	4
returns	2
reverently	1
reversing	2
revolve	2
rewarded	2
rhythm	2
ribs	5
rich	8
richard	1
rid	3
ridges	7
ring	13
riot	1
ripples	2
risen	2
rivulets	1
road	1
roamed	1
robber	8
robe	1
rocked	1
rodents	2
rods	1
roman	1
roof	3
roots	5
rotation	14
rough	4
route	1
rowing	1
rubbish	1
rubs	1
rude	1
rule	11
rung	2
runners	1
running	13
runs	5
rush	4
s	379
sack	1
sacred	1
sacs	3
safeguarded	1
safer	1
sagacious	2
sailing	2
sailor	1
salicylic	1
salina_	1
salps	1
salts	10
same	99
samples	1
sand	15
sandstones	3
sandy	3
satellite	1
satisfactory	4
say	94
scarborough	2
scarcely	1
scents	1
scepticism	1
school	2
schultze_	1
schylus	1
scotland_	1
scrambling	1
scrap	1
screen	18
scrutinising	1
se	1
sea	196
search	6
seas_	1
seated	2
second	65
secret	10
section	14
secured	2
securing	4
security	2
sedentary	5
sedimentary	6
see	86
seem	28
segmentation	1
seldom	3
select	4
self	12
semi	2
send	6
senescence	1
sent	6
separation	2
serial	1
serpent	1
serves	5
service	5
seven	20
seventeen	2
severe	9
shad	1
shade	2
shadow	5
shaken	1
shape	15
shares	1
shark	3
sharply	1
shasta	1
sheaf	2
shed	4
sheer	4
sheets	2
shelled	2
sheriff	1
shines	1
ship	5
shirk	1
shoebill	2
shoots	2
shore	63
shortest	3
shortness	2
shoulders	2
showed	18
showing	48
shown	35
shrews	4
shut	3
shutting	1
sided	1
sidelight	1
siding	1
sight	14
signal	5
signalling	1
significant	2
silence	2
single	19
skill	9
skims	1
skull	34
sleeps	1
sleeve	1
slender	1
slide	2
slip	2
slipped	3
slipping	3
slopes	2
slowed	1
slowing	9
slowness	1
smack	3
smells	1
smithsonian	10
smoke	5
snail	9
snaps	1
soaring	1
sociality	1
soddy	7
sojourning	1
solar	61
solicit	2
solidarity	1
solids	1
somewhat	10
sooner	2
sorts	8
sounds	12
south	22
southwards	2
sow	3
spain	5
spans	1
spark	8
spawns	1
speaking	2
special	11
specimen	3
spectacular	3
spectator	1
spectroscope	38
spectroscopy	1
speculation	8
speculative	3
speeds	1
spinners	1
spinning	3
spit	4
spite	6
splashed	1
splendidly	1
sponges	7
sporting	3
spots	24
spout	2
spreading	2
sprinkle	1
spurs	1
squirt	1
stagnation	1
stalks	2
stamens	2
starfish	9
starlings	1
stars	102
state	38
statement	8
statuettes	1
staying	1
steadfast	1
stealthy	2
steamer	1
step	14
stiffens	1
stile	1
stimulated	6
stimulating	3
stimuli	4
sting	3
stingy	1
stirring	1
stoat	1
stomachs	1
stone	30
stony	1
stopper	1
stops	3
store	4
storks	2
storm	7
stormy	1
story	29
stout	1
straight	13
straightforward	1
straws	6
stray	2
stream	25
streams_	1
stress	1
stretches	4
stricter	1
strictly	1
strikes	3
striped	4
stroke	5
struck	3
structure	31
struggled	1
struggling	1
student	4
study	21
stuffed	1
stung	1
stupefying	1
stupendous	3
style	2
subjected	1
sublime	5
subsequently	2
substitute	1
subtlest	1
subtlety	2
succeeded	9
succeeding	2
success	8
suck	1
suddenness	2
suffered	2
suffering	1
suffice	2
sufficient	17
suggestion	9
suggestive	2
suited	13
sulked	1
sum	2
sumatra	1
sunlight	20
sunrise	1
superficial	4
supplanted	1
supplemented	1
support	12
supposes	2
supra	2
supreme	1
surer	1
surface	105
surfaces_	1
surinam	4
surprised	1
surprising	7
surrendering	1
survival	4
survived	1
surviving	2
survivor	1
suspended	6
swallow	1
sways	1
swept	4
swims	7
sy	2
symbol	1
symmetry	6
tadpole	4
tail	34
taking	13
talk	1
tassel	7
taut	3
tavi	1
taxes	2
teach	1
teemed	1
teeming	1
telescoped	1
temporal	1
temps_	1
tempting	2
ten	24
tenable	1
tenant	1
tended	2
tendency	16
tending	5
tenses	1
tentacle	1
term	2
terminals	2
tertiary	3
testes	1
textbook	1
th	1
the	9303
them	158
theme	1
themselves	43
theoretically	2
thereafter	1
thereby	2
thesis	1
they	491
thick	12
third	24
thirsty	1
thirty	14
thomas	2
thorax	1
thorough	1
thoroughfare	1
those	68
thoughtful	1
thousand	35
thousandths	2
thread	2
tides	34
tied	1
tin	1
tinted	1
tiny	10
tips	2
toads	7
together	45
tongue	10
tons	15
tool	4
toothed	6
top	14
torpedo	1
touches	3
tower	1
trace	8
traceable	2
trained	3
training	4
trams	1
tranquil	1
transit	2
transitional	2
translucent	1
transmutation	4
transparency	1
transport	1
travel	22
travelled	2
travellers	1
travelling	13
traverse	2
trees	19
trends	1
triassic	11
tricks	1
tries	2
trifles	1
trinil	1
triumph	1
triumphant	1
trouble	2
troublesome	1
trucks	1
truth	9
tube	30
tuberculosis	1
tucking	1
tune	1
turnips	1
turtles	6
twitching	1
tycho	1
types	33
uganda	1
ultimately	3
unborn	5
unbroken	2
unchanged	1
uncommon	1
unconscious	3
undercharged	1
undergoing	4
underrated	1
underside	1
unfurl	1
unhappy	1
uniformity	1
unimaginable	1
unimportant	3
unit	5
unite	1
unity	7
universal	11
university	6
unlike	2
unlock	1
unmistakably	1
unpromising	1
unrestricted	1
unseen	3
unsolicited	1
unsolved	1
unstereotyped	1
unsunned	1
unsurpassed	2
unusual	1
unveiled	2
updated	1
upkeep	1
uranium_	1
uranus	5
urged	1
us	132
use	55
utan	6
utilise	11
utterly	4
vain	1
val	1
validity	1
valuable	2
value	3
vanilla	2
vanishing	1
variation	5
varies	4
vast	24
vegetarian	5
vegetation	14
venation	1
venom	1
venture	1
venus	15
vermiform	2
verrier	1
versatile	1
vertebrates	4
vertical	3
vestiges	1
vibrate	3
victim	3
victorian	1
viewed	2
viewing	1
vigour	3
violent	12
virus	1
visibility	2
vision	7
visits	2
vitality	1
vitiated	1
vive_	1
vividly	2
viviparous	1
vivo	1
vocabulary	2
vocal	6
void	2
voles	1
volumes	2
von	1
vortex	3
vulcanite	1
w	30
waited	2
waiting	1
walked	2
walking	10
wallace	3
walls	11
waltzing	1
want	3
ward	21
wariness	1
warming	1
warns	1
warranties	3
warty	4
watchful	1
water_	1
waters	24
watson	1
way	132
we	774
weapon	1
weathered	1
weathering	4
weeks	8
weight	13
weird	2
went	9
whale	13
what	207
whatever	13
whatsoever	3
wheat_	1
wheats	1
wheels	1
whence	9
whereas	9
which	853
while	43
whipped	1
whipping	1
white	64
wicketed	1
widely	3
widespread	2
widest	3
wild_	1
wilson	18
wind	12
window	1
wingless	4
wiped	1
withered	2
withering	2
witmer	1
witness	2
wm	1
wondered	3
woodcraft	1
words	32
worked	15
workers	1
working	10
worn	2
would	170
wren	1
writes	2
written	10
wrong	4
www	8
yards	3
yellow	12
yes	1
yield	1
you	92
youthful	1
zero	2
zest	2
zeta	2
zinc	14
zip	1
zone	4
zoophytes	2
