000	104
101	1
105	1
116	2
12	6
123	1
130	2
138	2
141	2
156	2
16	4
167	1
170	2
174	1
1769	2
178	2
1800	1
185	1
1871	2
1901	1
1905	2
1909	2
1912	2
192	2
196	1
2	75
2001	1
202	2
20417	4
206	1
220	1
23	7
233	4
246	2
251	1
255	1
259	1
27	3
273	1
282	2
286	1
291	1
2971	1
30	6
34	4
400	1
41	1
4230	1
45	1
466	1
49	3
4a	1
501	2
52	1
56	3
596	1
6	21
67	4
73000	1
74	1
78	1
7918	1
800	2
866	1
92	5
_72	1
_absorbs_	1
_alevins_	1
_always	2
_by	1
_challenger_	1
_conquered_	1
_constitution	1
_d	1
_descent	4
_distance_	1
_double	1
_ensemble_	1
_eocene_	1
_essence	1
_everything_	1
_famille_	1
_field	1
_held	1
_how_	1
_humanoid_	1
_inferred_	2
_inorganic	1
_instinctive	1
_integrative_	1
_intelligence_	1
_it	1
_its	1
_light	1
_light_	1
_matter	4
_melanocetus	2
_mesozoic	1
_miocene_	1
_most	1
_mutation_	1
_mutually_	1
_nearest_	1
_number_	1
_our	2
_outline	1
_parr_	1
_periophthalmus_	1
_permian_	2
_photo	78
_photos	4
_positions_	1
_possible_	1
_primary	1
_procellaria	2
_reflector_	1
_reflectors_	2
_refracting_	1
_representative_	1
_reproduced	12
_rhacophorus_	1
_salmo_	1
_scientific	4
_text	1
_to	4
_transformation	1
_two_	1
_unavailable_	2
_upper	1
_varanus_	2
_vestigial_	1
_visible_	1
_worlds	1
_yerkes	1
abilities	1
absolute	4
abstruse	1
abundant	9
abysses	8
acceptance	1
accepted	6
accessory	1
accident	2
accompanying	1
accomplishment	3
accordance	3
accounted	4
accretion	2
accumulating	4
accuracy	3
achieved	2
acid	4
acknowledge	2
acquire	2
acquires	1
act	11
actively	3
activity	35
activity_	1
acts	7
actually	16
added	7
address	1
adjust	1
adjustable	1
adjustment	2
adjustments	1
adjusts	1
aerated	1
aeration	1
aerolite	1
affording	3
afghans	1
african	6
africans	1
after	95
aged	1
agency	8
agitated	5
agitation	1
agoing	2
aiming	1
aimless	1
air	102
air_	1
albumin	1
alert	3
alga	2
allied	4
allotted	1
allowed	5
alongside	3
alpine	1
alpines	1
already	20
alsatian	2
altamira	4
alternate	2
altogether	11
america	16
amoeba	6
an	489
analysing	5
anatomical	5
anatomist	1
anatomists	1
ancestor	3
ancestors	20
ancestry	5
ancestry_	1
ancient	29
ancients	2
andalusia	1
angler	3
animalcule	6
animalcules	3
annual	1
anthropologist	1
anthropologists	1
anticipated	1
anticipation	1
anticipations	1
antiquity	6
anvil	6
anywhere	3
apart	23
ape	24
apes	26
apparent	9
appeals	2
appended	1
appendicitis	1
appendix	3
applies	6
approaching	1
aquatic	8
arc	3
archimedes	1
area	15
areas	12
argonaut	1
argue	1
arise	7
arises	2
arithmetical	1
armoured	1
arrange	3
arrangement	7
arrangements	6
arranges	1
arteries	1
ascending	1
ascertain	1
ascetic	1
ash	1
asking	2
assist	1
associate	3
associates	1
assuming	1
assumption	2
astronomy	18
astronomy_	5
astrophysical	3
atom	77
atom_	2
atomism	1
atoms	108
attaches	1
attacked	2
attendance	2
attended	3
attention	9
attentive	1
attenuated	1
attracting	2
auroral	1
australia	11
author	1
averaged	1
avoided	2
await	1
aware	8
axes	2
axis	19
b	16
baboons	1
bacillus	1
backbone	9
backwards	8
balance	6
ball	13
balls	1
barely	1
base	7
bases	1
basis	11
batesian	1
bath	1
battalion	1
bavaria	1
bay	2
beak	6
beaten	4
beating	3
beautifully	3
became	31
because	59
becquerel	2
bee	4
bees	11
beetle	5
beetles	1
before	78
behave	3
behaves	2
believe	17
believes	1
bell	13
bells	4
belong	8
belongs	3
belt	2
belts	2
benefactress	1
berenices	2
berries	1
between	98
beyond	24
bill	15
billiard	2
bills	4
biped	3
bipeds	2
birch	1
birnam	1
bittern	5
blackest	1
blackish	1
blade	5
blades	2
blindly	1
blowing	1
blown	7
bluish	1
bodily	11
bolivia	1
bond	2
book	11
book_	1
books	7
borne	8
borneo	1
bottom	6
bountiful	1
boyhood	1
braking	1
branched	2
brave	1
brazilian	1
bread	2
breakers	1
breaking	15
breather	1
breather_	1
breathers	1
breathing	14
bred	2
breed	2
breeds	4
breezy	1
brightness	1
brilliantly	1
brine	1
brittle	2
broadened	2
browsing	1
bruising	2
brushes	2
brussels	1
buckled	1
bugbear	1
bulkiest	1
bull	1
bullies	1
bunch	4
burn	1
burns	2
burrow	4
burrows	1
burst	2
bursts	1
burying	1
bushels	2
buys	1
cache	2
cactus	1
caledonia	1
californian	1
cambrian	8
cambrian_	1
cambridge	5
camouflaged	1
canes	1
cannot	78
cap	6
capable	3
caps	3
captivated	1
carbonic	2
carboniferous	12
carcass	1
cardboard	3
care	23
careful	9
cares	1
caricature	1
carpet	2
carrier	5
carrying	11
casein	1
cassowary	2
cat	5
cataract	1
catcher	1
catching	10
cats	2
cattle	2
causing	1
cautious	2
cave	18
caves	2
ceaseless	2
ceasing	1
cellulose	4
centauri	2
centre	17
centres	9
century	14
chaff	1
chaffinch	1
chameleon	12
chameleons	2
changed	12
characteristically	1
charged	3
chariot	1
charles	7
cheaper	1
cheek	1
chemistry	3
chequered	2
child	11
chlorophyll	7
choice	1
christened	3
chromosphere	4
chrysalis	1
church	3
cilia	2
circular	3
circulate	1
circumstance	1
circumstances	6
circumventing	1
cities	5
citizen	1
civilization_	1
clams	1
classes	7
classified	1
clay	1
cleaned	1
cleared	1
clearness	1
clever	13
cliff	3
cliffs	2
clock	8
clog	1
clothe	1
clothes	1
clouded	1
clue	2
clues	2
clutches	1
coast	2
coasts	1
cockchafers	1
code	1
codes	1
coherence	2
coin	3
coincidences	1
colonised	2
coloured	12
comb	1
combative	1
combustion	6
comfortable	2
comfortably	1
coming	8
committed	1
communicating	2
companion	1
comparatively	9
compared	12
compartment	3
compass	3
complex	14
compliance	5
compose	1
compound	2
compounds	5
comprised	2
computer	2
computers	2
concavity	1
conceived	1
concept	3
concepts	2
concern	2
concise	1
conclude	2
conclusion	11
conclusions	3
condensation	5
conduct	5
confessed	2
confine	1
confines	1
confirmation	2
confirms	1
congestion	1
conifer	1
conifers	3
conjectural	1
conjunction	1
conquering	6
conscious	3
consequent	2
conservation	1
conservative	4
conservator	1
consisted	8
consistence	1
consort	1
conspicuousness	1
constantly	7
constituting	1
constricted	1
constructed	3
construction	4
constructive	2
contact	9
contacts	1
contain	7
contains	10
contemporaries	1
contending	1
continually	11
continue	9
continues	5
continuous	12
contraction	5
contrasted	3
contribute	1
controversy	2
converge	1
converse	1
converted	3
convex	1
conveyed	1
convince	1
convinces	1
convincingly	1
cool	3
cools	1
coot	1
copy	12
cork	2
corpuscles	4
correlated	1
correlation	1
correspondingly	1
cost	5
costs	2
cotton	5
cough	2
counteractive	1
counting	3
countries	5
courage	1
covering	5
cracks	1
cradle	12
cradles	1
cranial	4
crashing	1
craters	8
crayfish	1
created	7
creation	7
creations	2
creature	42
creatures	71
credulous	1
crew	1
crime	1
critical	6
crookes	15
crosses	3
crouching	2
crowded	5
crowning	3
crusher	1
crushing	1
cry	4
ctenophores	2
cube	1
cubic	6
cultivated	10
cultivation	1
cups	1
customs	1
cut	7
cuts	5
cutting	3
cuttlefishes	7
cuttles	1
cycle	1
cylindrical	3
dago	1
dainty	1
daisy	1
dancers	1
dancing	3
dando	3
dando_	1
danger	7
dangers	2
darker	1
darkest	1
dart	1
darwin	24
dating	1
david	2
daybreak	1
de	4
dealt	7
death	29
debatable	1
debris	2
debt	1
debts	1
decay	1
decided	2
decomposed	1
decreasing	1
deductible	1
defences	1
definitely	8
deflected	2
deflection	3
degeneracy	1
degenerated	1
degeneration	1
deliberate	1
delusions	1
demand	3
demands	3
densely	1
denser	4
density	3
dentition	2
dents	1
depending	1
depict	1
derive	2
descendant	3
descendants	3
describe	5
describes	1
despair	1
despite	1
destination	1
destruction	2
detach	1
detachable	1
detect	12
deteriorates	1
determined	2
developing	4
dewey	1
dexterities	1
diamond	6
difference	12
differences	9
difficult	29
difficulties	22
digested	1
digestive	3
digs	1
dilute	1
dilutes	1
dints	2
dioxide	1
disadvantage	1
disadvantages	1
disappearance	3
disappeared	7
disarranged	1
disc	11
discern	3
disclaimer	3
disclaimers	1
discovery	43
discredited	1
discriminating	2
discs	3
disentangle	1
disgusted	1
disk	1
dislodgment	1
disparagement	1
disposing	1
disproved	1
dispute	2
dissected	1
dissection	1
distantly	1
distinctly	1
distribute	7
disturbance	8
disturbances	7
disturbed	4
ditch	2
dived	3
diverse	6
diversified	1
diverted	1
does	61
dogfish	1
donate	4
doom	1
dorsal	2
doubt	38
douching	1
dover	1
downloading	1
dozen	4
dragging	1
dragon	7
dragons	8
drainpipes	1
dramatic	1
dredge	1
drifters	3
drifting	4
drink	1
drone	1
drop	4
dropping	5
drops	3
drosophila	1
drove	1
drying	1
du	1
duck	4
ducklings	1
ductless	2
duffus	2
dug	1
duncan	1
dusk	3
dwindling	9
dynasty	1
dsseldorf	1
each	76
ear	20
earlier	8
earliest	7
ears	5
east	5
eastern	1
ebook	11
ebooks	7
echo	1
economic	1
economy	2
eddington	4
edge	11
edges	5
educable	5
educated	1
education	6
educative	1
effacing	1
effectiveness	1
efficiencies	1
egyptian	1
eighteen	2
ein	1
einstein	6
ejected	1
elaboration	1
elapsed	1
electrically	1
electro	5
element	26
elements	28
elephant	9
elephants	6
eleventh	2
eloquent	6
else	7
eluding	1
elver	1
elvers	3
embryology	2
emerald	1
emitted	3
emmer	1
enable	6
enables	7
enacted	1
encasements	1
encouraged	1
ending	1
endings	1
endless	2
enemies	15
energetically	2
engage	1
english	3
enregistering	3
ensuring	1
enter	7
enters	4
entity	8
enumerate	1
environing	2
eoanthropus	1
eoliths	1
equilibrium	4
erected	1
error	12
errors	2
escape	9
escapes	5
establishing	3
estimated	8
estimation	1
euplectella	1
european	2
evaporation	1
evening	3
evenly	1
everest	1
everlasting	1
everyone	6
evidence	29
evidences	7
evinced	1
evolutionary	11
exactly	7
exaggerate	1
examined	3
excellent	1
exceptional	7
excessively	4
exciting	2
executive	1
exempt	3
exert	2
exerts	1
existing	2
exogamy	1
expedient	2
expedition	1
expels	1
expended	1
expense	1
expenses	2
expensiveness	1
experiment	21
experimentation	1
experiments	32
expertness	1
explained	10
explosively	1
exporting	1
exposed	8
exposure	2
express	6
extended	5
extinction	3
extinguished	1
extracting	1
extreme	6
extremes	3
exuberant	1
f	51
f3	1
face	22
facilitating	1
facility	4
factor	3
factors	13
faculty	2
faint	9
fall	20
fallow	1
falls	13
fancied	1
farming	1
fashion	6
fatal	3
fatiguing	1
faunal	1
fee	8
feeding	5
feelers	2
feeling	9
feelings	5
fees	4
feint	1
fell	3
fellow	2
fellows	1
felt	4
fermenting	1
ferns	1
fertilised	12
fertility	2
fever	1
fiftieth	1
fifty	15
fight	1
fill	3
fills	1
finely	1
finer	2
finest	4
finite	1
firing	1
firmer	1
firmly	6
first	131
fitness	3
fixed	13
flagellates	2
flaming	3
flanks	1
flapped	1
flash	4
flaunting	1
flesh	10
flicking	1
flier	2
flightless	6
flinders	1
float	2
floor	12
flora	5
flotation	1
flower	13
flowers	8
flowing	7
flung	1
flush	1
flying	44
foam	3
foetal	2
fog	1
fogs	1
fond	3
font	4
foothold	5
footing	1
foraminifera	4
forbes	3
forcing	1
forecloses	1
foreign	1
foremost	1
foretells	1
forewing	1
forking	2
format	4
formats	2
formed	26
formidable	2
formulated	2
forthcoming	1
fortunate	1
foster	2
fowlers	1
france	6
frances	1
freed	2
freeze	1
frequency	3
freshwater	20
freshwaters	9
fringe	1
frost	4
fruit	7
fruits	3
fulcrum	1
full	35
functioning	3
functionless	1
fundy	1
furiously	1
furnace	2
furnaces	2
furnished	3
future	18
gait	3
galway	1
gamut	1
gap	2
gatepost	2
gather	5
gathers	2
gauging	1
gave	13
gbnewby	1
general	50
genus	3
germ	12
germinates	1
germs	1
get	46
gets	9
getting	20
gifted	1
giraffe	3
girth	1
give	51
gives	18
glaciation	1
glaciations	1
glittering	1
gloomy	2
glow	9
glue	2
gnaw	2
going	43
good	46
gooseberries	1
gossamer	7
govern	1
government	1
grand	3
graphic	1
grasping	3
grass	11
grasshoppers	1
grating	1
grating_	1
gravel	3
gravels	1
gravitation	9
greatness	2
greece	2
greenish	3
greenland	2
grew	4
grind	1
gristly	3
ground	28
grounds	2
growth	8
growths	1
guarded	1
guessed	1
guiana	2
gut	2
gyrating	1
habit	15
habits	14
hairless	1
half	33
hammering	2
hand	51
handling	1
hands	5
hangers	1
hanging	3
happened	7
hard	19
harmonious	1
harmonise	2
harness	3
harry	1
hart	2
harvard	4
has	449
hasten	2
hastily	1
hatch	3
hawk	1
he	154
headed	1
headley	1
healthfulness	1
hearing	11
hearty	1
heated	1
heavens	18
heavens_	1
heavier	6
heaviest	3
heavily	1
hedgehog	2
height	14
heights	3
henry	2
herbert	1
hercules	3
herds	1
hereditary	9
heritable	1
heritage	2
hermit	14
hermon	3
herons	2
hesperornis	2
hibernates	1
hiding	1
higher	46
highest	10
highly	19
himself	9
hind	14
hinkins	2
hint	5
hints	1
hipparion	1
his	137
hiss	1
historic	1
history	59
history_	2
hitherto	5
hold	10
holds	5
hollow	2
hollows	1
hooky	2
hormones	5
horns	1
hug	1
humidity	1
humoured	1
hundred	33
hundreds	17
hunger	5
hunt	2
hunterian	1
hunts	2
husk	1
hutchinson	1
hy	1
ichneumon	1
identifying	3
idiosyncrasies	2
if	221
ignoble	1
illimitable	1
illustrate	11
illustrates	6
imagine	8
imagines	1
immaterial	1
immigrants	1
impart	1
impatiently	1
imperfectly	3
imperial	4
implied	17
important	47
impressing	2
improve	1
improvement	2
improvements	4
in	2381
inaccessible	1
inanimate	1
incarnation	1
incarnations	2
incessant	3
incidental	1
inclination	1
include	11
includes	7
income	2
inconceivable	7
inconceivably	5
inconspicuous	13
increasing	10
incredible	2
incursions	1
indian	5
indifferent	2
indigenous	2
individual	38
individuals	4
induced	2
indulge	1
ineffective	2
inexorable	1
inexpensive	1
infancy	2
infiltration	1
infinitely	4
inflated	2
ingenuity	2
ingested	1
inheritance	8
inherited	2
initial	1
injure	1
injury	1
ink	3
inkling	2
inshore	1
insignificant	2
inspirations	1
instantaneous	1
instantly	1
instruction	1
instructions	1
instructive	5
insurgence	4
intact	1
integumentary	1
intelligently	3
inter	8
intercept	1
intercepts	2
intercrossing	2
interested	1
interferes	1
interglacial	6
intermediate	3
internal	25
internat	1
interpreted	2
interval	1
intervals	1
intimate	6
intrepid	1
intricacies	1
introduced	3
inturned	1
invariable	1
invented	4
invention	5
inventions	1
inverse	2
invertebrate	2
invertebrates	1
investigated	3
investigation	2
investigations	1
investigator	1
investigators	2
inveterate	1
invitation	1
invoked	1
irregularities	1
irresistible	1
irresistibly	1
irresponsive	1
irritation	1
irs	1
italian	1
italians	1
itself	60
iv	4
j	100
jellyfish	8
john	7
johnstone	1
joseph	1
journ	2
journey	7
journeys	2
jugglery	1
jumping	2
justifiable	2
justify	4
keane	1
keel	4
keep	11
keeps	3
kettle	4
kids	2
killing	3
kinnaman	1
kinship	1
kipling	1
kitchen	1
kittens	1
knew	5
knoll	1
la	2
labor	1
laboratories	2
laborious	1
labour	6
labyrinthodonts	1
lack	2
lacks	1
laden	3
lag	1
lakelets	1
land	71
landlocked	2
lands	2
langmuir	1
langur	1
lapland	1
lapsed	1
largely	8
larger	23
largest	12
larmor	1
larva	5
lasso	1
lasting	1
later	27
latest	2
latro_	2
law	9
lawlessly	1
laws	10
le	5
learn	29
learns	2
leaving	8
left	36
left_	2
leg	12
legacy	5
legs	21
lengthed	1
less	64
level	21
levels	4
liable	4
liberating	2
licensed	1
lichen	3
lichens	2
lick	4
lieu	2
lift	3
lifts	3
lightner	1
lightning	4
limbless	2
lime	2
limestone	3
limpet	1
lined	2
lingers	1
linking	2
listen	1
lithium	1
lived	12
locating	1
loess	3
logic	1
longitudinally	1
loose	9
loquacious	1
lose	2
loses	5
loving	2
lowliness	1
ltd	10
luminescence	3
lumpsucker	2
lungbooks	1
lured	1
luxuriant	1
lynx	3
macmillan	5
macmillan_	1
made	105
magnetised	1
magnified	6
magnitude	6
magpies	1
main	37
maintain	4
maintains	1
male	25
males	3
man	285
man_	9
manages	1
manifest	1
manifestation	4
manifestations	3
manipulation	2
manipulative	3
manoeuvres	1
mantle	2
marett	1
mariner	1
mariners	1
mark	3
marks	5
mars	34
marsupials	3
marten	1
martian	2
martians	1
marvel	1
marvels	1
masking	2
masterfulness	1
mastering	1
masterly	2
mate	4
material	30
materials	12
mates	1
mathematically	1
mathura	1
mauer	4
mcintosh	2
mean	23
means	81
meanwhile	3
measure	16
measurement	1
measurements	4
measures	8
mechanical	9
medium	15
medi	1
membrane	1
membranes	2
memory	2
men	59
men_	1
mending	2
mentone	1
mesohippus	2
messier	2
messrs	5
metacarpus	1
metallic	1
metallurgists	1
metcalf	1
mexico	2
microcosm	1
mightiest	1
migrants	1
migrating	2
migratory	1
mile	9
mile_	1
miles	97
milieu	1
milky	15
milligram	1
millikan	2
million	35
millions	44
mimetic	1
mimickers	4
mimicry	9
mingling	2
minimum	2
minuteness	2
mirror	10
missing	1
mist	2
mistake	6
mistakes	3
mists	2
mites	1
mixes	1
mixture	2
mixtures	1
mobility	1
modern	86
moistened	1
molecular	8
molten	3
mongoose	1
monstrous	1
month	12
months	14
monument	1
moon	95
moon_	1
moons	11
moorhen	4
moorhens	2
more	302
morning	4
mosquitoes	2
mother	27
motionless	3
moulding	1
moulting	2
mounted	4
move	14
movement	37
movements	34
moves	2
mr	12
much	126
mudfish	4
multiplying	6
munitions	1
muscle	11
muscles	13
must	157
mutating	1
mysteriously	3
n	7
narrow	11
natal	7
native	1
natives	1
naturalist	2
naturalists	3
naturally	9
nature	81
nature_	2
nautilus	14
neanderthal	21
nearness	3
nebula	37
nebulous	2
necessarily	6
needle	4
needles	2
needless	2
nekton	1
nematodes	1
nemesis	2
nestor	1
never	20
newsletter	1
newton	10
next	22
night	26
ninety	3
no	236
nocturnal	2
noise	2
noises	1
noisy	1
nook	1
nooks	1
normal	7
nos	2
notch	1
noteworthy	1
noticed	8
notifies	1
novel	4
now	114
nursery	1
object	10
objects	11
obliging	1
observatory	41
observatory_	1
observe	3
obstacle	2
obstacles	1
obviates	1
obviously	9
occasionally	3
occupations	2
occupies	4
occurring	2
ocean	13
ocean_	2
oceans	8
october	5
offer	4
offers	5
official	4
oil	8
okapi	4
older	5
oldest	7
oliver	3
omne	1
once	47
one	379
ones	27
online	6
ontario	1
onward	1
onwards	2
opalina	1
opaque	6
opening	8
openings	1
opossum	2
opossums	4
opposing	1
opposite	13
orchid	1
ores	1
originate	2
orthodox	1
ostrich	2
other	243
others	44
otherwise	8
otter	6
otters	3
ounce	1
ounces	2
out	190
outcome	14
outfit	1
outlying	3
outstanding	1
overcrowding	2
overpowering	2
overtakes	1
owen	1
owing	5
own	51
owns	2
ox	1
ozoic	9
pack	1
palates	1
paler	1
palings	1
pallas	1
paper	12
papers	2
parachuting	3
parachutists	3
paragraph	11
paragraphs	3
paralyse	1
parasite	4
parasites	10
parasitic	2
parental	19
part	74
partially	5
particular	31
particulars	1
partitions	1
partnership	8
partnerships	1
parts	34
pass	32
passage	17
passages	1
patagonia	2
patch	3
paternal	3
pauses	1
paw	3
peace	2
pearly	8
peck	2
peg	1
pencilled	1
penguin	2
penguins	4
penny	4
pent	1
people	18
peoples	4
peppered	1
perception	3
perceptions	1
perceptual	5
perches	1
perfectly	4
performing	5
periodic	4
perishes	1
permanent	8
permission	27
permit	2
permutations	1
perpetual	1
persist	3
pervading	2
peter	4
petrie	1
pgdp	2
phagocytes	2
philosophy	1
phosphorus	1
photographed	3
physical	18
physiologically	4
pick	4
pickering	2
piece	34
pieces	18
pigling	1
pigment	8
pigments	2
pigmy	1
pigs	1
pinions	1
pinkish	1
pinna	1
piping	1
pitch	1
pitchblende	2
placing	2
plane	13
planes	1
planetesimal	1
planetesimals	3
planetoids	2
plankton	5
planted	1
plastic	7
played	2
plesiosaurs	1
pliocene	8
pliohippus	1
plunges	1
podargus	2
point	57
point_	1
points	21
polaris	1
polyp	1
polyps	3
pontobdella	1
poorly	2
popularly	2
population	11
possess	10
posted	5
postulated	1
posture	1
potato	1
potential	4
pound	6
pounds	8
poured	2
powerfully	1
practically	18
practice	2
practise	2
prayer	1
praying	3
precisely	5
predacious	1
predatory	3
predominate	1
predominates	1
preen	1
preformed	2
prehensile	3
prehistoric	5
preliminary	2
prepared	3
prerogative	3
presence	5
presented	3
preserving	2
pressing	1
presumed	1
previous	11
prickle	1
prickly	1
primaries	1
primate	4
primates	9
primers	1
primordial	2
principal	2
printing	12
probe	1
processing	1
prodigally	1
produce	13
produces	8
production	5
profiting	2
profitless	1
profound	6
projecting	4
prominent	4
promising	5
promote	1
promotes	1
promptly	1
proof	16
proofread	1
properly	1
property	7
prophesied	1
prospecting	2
protected	4
protection	10
protections	1
protective	17
proterozoic	2
proud	3
prout	1
prove	7
proves	1
providing	5
provoke	2
provokes	1
psychical	2
pumped	2
punctuation	1
puppy	1
pursuing	2
putnam	2
puzzled	2
pycnogon	1
quantity	10
quarter	7
quarters	1
quicker	1
quickest	1
quickly	11
quintillion	1
quite	45
r	17
race	53
races	17
races_	1
radial	3
radiance	2
ramifying	1
ramsay	2
random	1
ranged	1
ranked	1
rapid	25
rarely	4
rarest	1
rarity	3
ray	21
rayleigh	1
rays	84
reaching	11
reader	7
readers	2
readily	13
reading	7
realised	4
reality	9
reality_	1
really	14
reared	1
reasoned	2
recapitulate	2
recapitulates	1
receipt	2
receiving	6
recent	22
recognised	8
recover	1
recurrent	2
redbreast	1
redistribution	2
redness	1
redolent	1
refer	4
referred	4
refers	2
reflecting	3
refractive	1
refractor	6
refractors	1
refused	2
regard	22
regards	11
register	3
registers	2
registration	5
regrowing	2
regrown	2
regular	5
regulate	3
reinforced	1
reiteration	1
relatively	24
releasing	1
reliance	1
relieve	1
remained	5
remoter	1
removed	4
renewal	1
renewed	1
reorganisation	1
repaid	1
repeat	3
repel	1
repeopled	1
replace	5
replacement	6
replenish	1
reputation	3
required	9
research	9
resemble	3
resembles	1
reserve	1
respiratory	2
restoration	11
retention	2
retires	1
retreated	2
retrograde	1
returning	1
revenue	1
revision	1
revolution	5
revolutions	2
revolved	3
reward	3
rewards	1
rhinoderma	1
rhizopods	2
rice	1
richness	1
rifle	5
right	30
right_	2
riki	1
rill	2
rise	33
rises	11
river	13
rivers	18
roadside	1
rock	18
rocks	21
rome	2
rooks	3
rotate	7
rottenness	1
routine	14
row	1
royalty	3
rudimentary	1
ruled	1
ruse	1
rushed	1
rutherford	7
r	7
safe	14
said	56
sail	3
sails	1
sal	1
salient	3
sameness	1
sap	3
sappers	1
sargasso	3
saturates	1
saturn	14
saucer	2
saucerful	1
saucers	1
save	11
saves	1
scale	19
scales	4
scaly	2
scantier	1
scheme	3
scientist	2
scientists	1
score	3
scores	3
scorpion	1
scorpions	3
scots	1
scottish	1
screened	1
seal	1
seals	3
seat	4
secondary	1
secreted	4
secretion	2
secretions	1
seed	5
seeds	12
seeking	2
seemed	7
seething	3
segregating	1
seize	1
selected	3
selection	4
selections	1
sensatory	1
sense	40
senses	16
sentence	3
sentences	2
separate	13
separates	3
sepia	2
serving	2
set	30
sets	6
setting	5
settle	5
settles	3
several	21
sex	8
shaggy	1
shall	28
shallow	15
shallows	1
shaped	12
sharing	1
shattering	1
shell	41
shells	8
sheltering	2
shelves	1
shining	2
shiver	1
shock	3
shooting	4
short	32
shortening	3
should	58
show	48
shows	39
shrapnel	1
shreds	2
shrimp	2
shuffling	2
sickness	5
sieve	1
sieves	2
sifted	7
sign	2
significance	10
signifying	1
signs	3
silk	10
silurian	4
silvanus	1
silvery	5
similarity	4
similarly	9
simon	1
simpler	11
simplest	11
simultaneous	1
since	30
sit	1
sitting	6
six	21
size	55
sizes	7
skate	2
skates	1
skimmers	1
skimming	1
skin	34
skunks	1
sleeping	6
slight	6
slim	1
slow	15
slums	1
smaller	25
smallest	8
sneering	1
sneezing	1
soapy	3
sobral	2
social	12
societies	1
sodium	4
sojourn	1
sole	5
soles	1
solidly	1
solving	1
someone	2
sometimes	55
son	3
song	3
sons	4
sorting	2
space	38
space_	1
spanish	1
sparrow	3
sparrows	2
sparseness	1
spawning	7
speak	16
speaks	1
specified	2
spectacle	3
spectacles	1
spectra	6
speculate	2
speeding	1
spermatozoon	3
spice	1
spineless	1
splash	1
spongillid	1
spontaneity	1
spontaneously	5
sport	2
spread	18
spreads	2
square	8
squat	3
squatting	1
squid	2
squids	1
st	2
stable	8
staff	2
stage	21
stages	23
stalking	3
stamping	1
stampings	1
standard	3
standards	2
starch	3
stated	1
stations	2
statistics	1
stature	3
staving	1
steadily	4
steamships	1
stem	6
stems	4
stereoscopic	1
stereotyped	3
sthetic	1
stickleback	9
sticklebacks	6
sticky	1
stiff	2
still	66
stilt	1
stock	33
stocks	8
stolen	1
stored	6
stow	1
stows	1
strange	16
streamed	1
street	2
strength	9
strengthening	1
stretching	3
striking	22
strong	25
studied	4
stuff	9
stupid	2
subject	13
subjects	1
substance	24
substances	27
substituted	1
succeed	7
successfully	2
succession	9
successive	12
successor	1
successors	2
sudden	10
suffocate	1
suffused	3
sugar	4
sugars	1
suit	5
suitable	1
suits	2
summon	1
sunlit	1
sunning	2
sunshine	2
superstitions	1
supple	1
supply	15
supported	4
supposing	5
sure	8
surpassed	2
surrounded	3
sussex	3
swallowed	3
swampy	1
swaying	1
swiftest	1
swiftly	2
swimmers	5
swimming	17
swing	2
swirling	1
synthesis	1
systema	2
tack	3
tacks	2
tag	1
tags	2
tailed	1
talked	1
tangle	1
tantalising	1
task	2
tasks	2
taught	6
team	2
tearing	3
technically	2
teeth	28
telegraphic	1
telegraphy	1
temperament	1
tenability	1
tenanted	4
tend	16
tends	5
tennis	1
tentative	6
tentatives	3
terra	3
territory	1
testing	3
testings	1
tethered	1
that	1357
thence	1
theories	10
there	621
thereabouts_	1
thermometer	1
thickness	16
thinner	5
thinnest	4
thinning	1
thither	2
thomson	16
thorndike	4
though	44
threw	1
throughout	18
throughout_	1
thrusting	2
tibet	1
tick	3
ticks	1
tidings	1
timber	1
time	125
times	70
times_	3
tint	1
tissues	7
titan	1
title	1
tm	57
toe	4
toes	9
told	5
toll	1
tooth	5
torch	1
torn	1
total	16
toward	5
towards	34
toy	1
traced	3
trackless	1
tract	2
tracts	1
trade	1
train	2
trains	3
transcribe	1
transition	7
transmissible	1
transported	1
travailing	3
treasure	2
treasures	1
trekking	1
triceratops	2
trigger	8
triggers	1
trillion	9
trillions	8
trilobite	3
trilobites	5
tropisms	4
trout	6
truly	3
trumpeting	1
trundles	1
trunk	2
trust	1
trying	12
tse	6
tuft	1
tufts	3
tugs	1
tumble	2
twig	5
twigs	1
twined	1
txt	1
typical	7
ultra	5
unable	3
unaccustomed	1
unconvincing	1
under	38
undergo	1
underlying	1
understanding	3
undisguised	1
undoubted	1
undulating	1
undulatory	1
unduly	1
unexpected	1
unfitting	1
unfrozen	1
unhatched	2
unicellular	5
uniform	13
unimagined	1
unique	6
united	14
unlink	1
unlocked	1
unpaying	1
unpleasant	1
unprofitable	1
unproved	1
unrelated	1
unremitting	1
unsteady	1
unsuccessful	1
unsurpassable	1
untenable	1
unwise	1
upward	4
upwards	7
urchin	3
urchins	3
used	51
usual	8
utilised	5
utility	2
v	4
vacuum	11
valleys	1
vanish	1
vapour	11
vapours	8
variational	1
variety	24
varying	8
vascular	3
vase	2
vega	1
vehicle	3
vehicles	2
velocities	3
verb	1
version	1
vibration	5
vibrations	7
victoria	3
view	41
views	5
vigorously	4
vii	3
violence	1
violet	18
violets	1
virgil	1
visceral	2
vital	18
vogue	1
voice	14
volans_	2
volcanic	4
volcanoes	1
volplanes	1
volunteer	1
volunteers	6
voracity	1
vortices	1
vue	1
vulgalis_	1
waddle	1
waggons	1
wait	2
walk	3
walks	3
waltz	1
wanted	3
warm	8
warning	4
wary	1
waste	8
watching	2
waterfall	2
waterfalls	1
wattle	1
wave	25
waves	93
wavy	2
wax	1
wayside	1
weaker	1
wearisome	1
weather	7
weaves	1
weed	5
weeds	2
weekly	1
weighted	1
welcome	1
welfare	2
were	237
wet	4
wherein	1
whirlpool	2
whirlpools	2
whiteness	3
who	56
wholly	1
widening	1
wife	1
wildly	1
wilkinson	2
willing	4
wine	1
wire	13
wires	3
wisdom	2
wiser	1
wisest	1
wit	4
withdrawal	1
within	57
without	70
witnessed	1
wits	5
wives	1
women	1
won	1
wonder	6
wonderful	27
wonders	5
wood	9
woodpecker	3
woodpeckers	1
work	94
work_	1
works	40
worthy	1
wrack	1
wreckage	1
wringing	1
writers	1
writing	3
wyoming	1
year	30
years	112
yielded	2
yolk	8
yorkshire	1
youthfulness	1
z	8
zoo	2
zoological	14
zoologist	2
zoologists	1
zo	1
